#
# A fatal error has been detected by the Java Runtime Environment:
#
#  EXCEPTION_ACCESS_VIOLATION (0xc0000005) at pc=0x0000000074f03d1a, pid=4596, tid=12112
#
# JRE version: Java(TM) SE Runtime Environment (8.0_25-b18) (build 1.8.0_25-b18)
# Java VM: Java HotSpot(TM) 64-Bit Server VM (25.25-b02 mixed mode windows-amd64 compressed oops)
# Problematic frame:
# C  [glass.dll+0x23d1a]
#
# Failed to write core dump. Minidumps are not enabled by default on client versions of Windows
#
# If you would like to submit a bug report, please visit:
#   http://bugreport.sun.com/bugreport/crash.jsp
#

---------------  T H R E A D  ---------------

Current thread (0x00000000145f5800):  VMThread [stack: 0x0000000015680000,0x0000000015780000] [id=12112]

siginfo: ExceptionCode=0xc0000005, reading address 0x0000000000000000

Registers:
RAX=0x0000000000000000, RBX=0x0000000016eab520, RCX=0x00000000145f5800, RDX=0x0000000016eab520
RSP=0x000000001577f610, RBP=0x000000001468c5b0, RSI=0x0000000000000001, RDI=0x0000000000000000
R8 =0x0000000000010002, R9 =0x000000001468c5b0, R10=0x0000000000000000, R11=0x0000000000000286
R12=0x000000001468c5a0, R13=0x0000000000000000, R14=0x000000001468c5d0, R15=0x000000001468c5a0
RIP=0x0000000074f03d1a, EFLAGS=0x0000000000010202

Top of Stack: (sp=0x000000001577f610)
0x000000001577f610:   0000000000000000 0000000000000001
0x000000001577f620:   0000000000000000 0000000000000000
0x000000001577f630:   0000000074f03d00 0000000074f015e3
0x000000001577f640:   00007ffe79109060 00000000bfb897fc
0x000000001577f650:   000000001468c5c8 00007ffe796b2d31
0x000000001577f660:   0000000074f01884 0000000074f01884
0x000000001577f670:   0000000001fa1628 0000000074f0182d
0x000000001577f680:   0000000000000001 0000000014506510
0x000000001577f690:   0000000000000000 0000000074ee0000
0x000000001577f6a0:   c000000500000001 000000001577e7c0
0x000000001577f6b0:   0000000000000000 00007ffe7c5531dd
0x000000001577f6c0:   0000000000000000 0000000000000001
0x000000001577f6d0:   0000000074ee0000 0000000000000000
0x000000001577f6e0:   0000086ac37c5f69 00007ffe7c597b0d
0x000000001577f6f0:   00007ffe78541700 00007ffe7c65cd90
0x000000001577f700:   00007ffe7c65cd90 000000000045e630 

Instructions: (pc=0x0000000074f03d1a)
0x0000000074f03cfa:   ff ff cc cc cc cc 40 53 48 83 ec 20 48 8b 1d 33
0x0000000074f03d0a:   67 01 00 48 85 db 74 15 e8 09 97 ff ff 48 8b d3
0x0000000074f03d1a:   4c 8b 00 48 8b c8 41 ff 90 b0 00 00 00 48 83 c4
0x0000000074f03d2a:   20 5b c3 cc cc cc 40 53 48 83 ec 20 48 8b 1d ab 


Register to memory mapping:

RAX=0x0000000000000000 is an unknown value
RBX=0x0000000016eab520 is a global jni handle
RCX=0x00000000145f5800 is an unknown value
RDX=0x0000000016eab520 is a global jni handle
RSP=0x000000001577f610 is an unknown value
RBP=0x000000001468c5b0 is an unknown value
RSI=0x0000000000000001 is an unknown value
RDI=0x0000000000000000 is an unknown value
R8 =0x0000000000010002 is an unknown value
R9 =0x000000001468c5b0 is an unknown value
R10=0x0000000000000000 is an unknown value
R11=0x0000000000000286 is an unknown value
R12=0x000000001468c5a0 is an unknown value
R13=0x0000000000000000 is an unknown value
R14=0x000000001468c5d0 is an unknown value
R15=0x000000001468c5a0 is an unknown value


Stack: [0x0000000015680000,0x0000000015780000],  sp=0x000000001577f610,  free space=1021k
Native frames: (J=compiled Java code, j=interpreted, Vv=VM code, C=native code)
C  [glass.dll+0x23d1a]
C  [glass.dll+0x215e3]
C  [glass.dll+0x2182d]
C  [ntdll.dll+0x231dd]
C  [ntdll.dll+0x2160a]
C  [ntdll.dll+0x6b5ec]
C  [KERNEL32.DLL+0x4d56]
C  [msvcr100.dll+0x20ccd]
V  [jvm.dll+0x1f9c55]
V  [jvm.dll+0x2325e7]
V  [jvm.dll+0x231826]
V  [jvm.dll+0x231cc1]
V  [jvm.dll+0x231ede]
V  [jvm.dll+0x2852fa]
C  [msvcr100.dll+0x21d9f]
C  [msvcr100.dll+0x21e3b]
C  [KERNEL32.DLL+0x16ad]
C  [ntdll.dll+0x54409]

VM_Operation (0x00000000173fb940): Exit, mode: safepoint, requested by thread 0x000000001687f800


---------------  P R O C E S S  ---------------

Java Threads: ( => current thread )
  0x000000001689b800 JavaThread "FX Access Thread (Visual Debugger)" daemon [_thread_blocked, id=10144, stack(0x000000001e810000,0x000000001e910000)]
  0x00000000192dc800 JavaThread "Prism Font Disposer" daemon [_thread_blocked, id=5848, stack(0x000000001df10000,0x000000001e010000)]
  0x0000000019f67000 JavaThread "JavaFX-Launcher" [_thread_blocked, id=7192, stack(0x000000001a5c0000,0x000000001a6c0000)]
  0x000000001916c000 JavaThread "HSQLDB Timer @7005be56" daemon [_thread_blocked, id=11048, stack(0x000000001a4c0000,0x000000001a5c0000)]
  0x00000000168ae800 JavaThread "Thread-2" daemon [_thread_in_native, id=12184, stack(0x0000000018bf0000,0x0000000018cf0000)]
  0x000000001687f800 JavaThread "JavaFX Application Thread" [_thread_blocked, id=11152, stack(0x0000000017300000,0x0000000017400000)]
  0x000000001687f000 JavaThread "Thread-1" daemon [_thread_blocked, id=7248, stack(0x0000000017200000,0x0000000017300000)]
  0x00000000161c2800 JavaThread "Service Thread" daemon [_thread_blocked, id=11352, stack(0x0000000016580000,0x0000000016680000)]
  0x0000000014659800 JavaThread "C1 CompilerThread2" daemon [_thread_blocked, id=11384, stack(0x0000000016080000,0x0000000016180000)]
  0x0000000014656000 JavaThread "C2 CompilerThread1" daemon [_thread_blocked, id=4832, stack(0x0000000015f80000,0x0000000016080000)]
  0x0000000014652000 JavaThread "C2 CompilerThread0" daemon [_thread_blocked, id=7592, stack(0x0000000015e80000,0x0000000015f80000)]
  0x000000001464f800 JavaThread "JDWP Command Reader" daemon [_thread_blocked, id=11392, stack(0x0000000015d80000,0x0000000015e80000)]
  0x0000000014642800 JavaThread "JDWP Event Helper Thread" daemon [_thread_blocked, id=11804, stack(0x0000000015c80000,0x0000000015d80000)]
  0x0000000014640800 JavaThread "JDWP Transport Listener: dt_shmem" daemon [_thread_blocked, id=5392, stack(0x0000000015b80000,0x0000000015c80000)]
  0x000000001462f000 JavaThread "Attach Listener" daemon [_thread_blocked, id=6072, stack(0x0000000015a80000,0x0000000015b80000)]
  0x000000001462d800 JavaThread "Signal Dispatcher" daemon [_thread_blocked, id=7268, stack(0x0000000015980000,0x0000000015a80000)]
  0x00000000020a7000 JavaThread "Finalizer" daemon [_thread_blocked, id=8556, stack(0x0000000015880000,0x0000000015980000)]
  0x000000000209c800 JavaThread "Reference Handler" daemon [_thread_blocked, id=5940, stack(0x0000000015780000,0x0000000015880000)]
  0x0000000001fae800 JavaThread "main" [_thread_blocked, id=6312, stack(0x0000000001df0000,0x0000000001ef0000)]

Other Threads:
=>0x00000000145f5800 VMThread [stack: 0x0000000015680000,0x0000000015780000] [id=12112]

VM state:at safepoint (shutting down)

VM Mutex/Monitor currently owned by a thread:  ([mutex/lock_event])
[0x0000000001fadf90] Threads_lock - owner thread: 0x00000000145f5800

Heap:
 PSYoungGen      total 73728K, used 32820K [0x00000000eb600000, 0x00000000f3900000, 0x0000000100000000)
  eden space 63488K, 51% used [0x00000000eb600000,0x00000000ed60d020,0x00000000ef400000)
  from space 10240K, 0% used [0x00000000ef400000,0x00000000ef400000,0x00000000efe00000)
  to   space 12288K, 0% used [0x00000000f2d00000,0x00000000f2d00000,0x00000000f3900000)
 ParOldGen       total 52224K, used 17048K [0x00000000c2200000, 0x00000000c5500000, 0x00000000eb600000)
  object space 52224K, 32% used [0x00000000c2200000,0x00000000c32a6370,0x00000000c5500000)
 Metaspace       used 38924K, capacity 39942K, committed 40192K, reserved 1083392K
  class space    used 5045K, capacity 5268K, committed 5376K, reserved 1048576K

Card table byte_map: [0x0000000011470000,0x0000000011660000] byte_map_base: 0x0000000010e5f000

Marking Bits: (ParMarkBitMap*) 0x00000000758bd490
 Begin Bits: [0x0000000011bb0000, 0x0000000012b28000)
 End Bits:   [0x0000000012b28000, 0x0000000013aa0000)

Polling page: 0x0000000001dc0000

CodeCache: size=245760Kb used=13748Kb max_used=13790Kb free=232011Kb
 bounds [0x00000000020b0000, 0x0000000002e40000, 0x00000000110b0000]
 total_blobs=5125 nmethods=4299 adapters=745
 compilation: enabled

Compilation events (10 events):
Event: 103.760 Thread 0x0000000014659800 4781       3       java.util.ArrayDeque::isEmpty (17 bytes)
Event: 103.761 Thread 0x0000000014659800 nmethod 4781 0x0000000002e1f410 code [0x0000000002e1f560, 0x0000000002e1f710]
Event: 104.091 Thread 0x0000000014659800 4782       1       java.util.logging.Logger::getName (5 bytes)
Event: 104.091 Thread 0x0000000014659800 nmethod 4782 0x0000000002df4d50 code [0x0000000002df4ea0, 0x0000000002df4fb0]
Event: 104.095 Thread 0x0000000014659800 4783       1       java.util.concurrent.ThreadPoolExecutor::workerCountOf (5 bytes)
Event: 104.095 Thread 0x0000000014659800 nmethod 4783 0x0000000002df4a90 code [0x0000000002df4be0, 0x0000000002df4cd0]
Event: 104.127 Thread 0x0000000014659800 4784       3       java.util.TreeMap::put (247 bytes)
Event: 104.131 Thread 0x0000000014659800 nmethod 4784 0x0000000002df2e50 code [0x0000000002df30c0, 0x0000000002df42d8]
Event: 104.133 Thread 0x0000000014659800 4785       3       java.util.TreeMap::leftOf (13 bytes)
Event: 104.133 Thread 0x0000000014659800 nmethod 4785 0x00000000021c5150 code [0x00000000021c52a0, 0x00000000021c5430]

GC Heap History (10 events):
Event: 3.922 GC heap before
{Heap before GC invocations=5 (full 0):
 PSYoungGen      total 34304K, used 34289K [0x00000000eb600000, 0x00000000eda00000, 0x0000000100000000)
  eden space 31744K, 100% used [0x00000000eb600000,0x00000000ed500000,0x00000000ed500000)
  from space 2560K, 99% used [0x00000000ed780000,0x00000000ed9fc678,0x00000000eda00000)
  to   space 2560K, 0% used [0x00000000ed500000,0x00000000ed500000,0x00000000ed780000)
 ParOldGen       total 42496K, used 5665K [0x00000000c2200000, 0x00000000c4b80000, 0x00000000eb600000)
  object space 42496K, 13% used [0x00000000c2200000,0x00000000c2788748,0x00000000c4b80000)
 Metaspace       used 20204K, capacity 20438K, committed 20608K, reserved 1067008K
  class space    used 2259K, capacity 2331K, committed 2432K, reserved 1048576K
Event: 3.937 GC heap after
Heap after GC invocations=5 (full 0):
 PSYoungGen      total 34304K, used 2545K [0x00000000eb600000, 0x00000000f0900000, 0x0000000100000000)
  eden space 31744K, 0% used [0x00000000eb600000,0x00000000eb600000,0x00000000ed500000)
  from space 2560K, 99% used [0x00000000ed500000,0x00000000ed77c678,0x00000000ed780000)
  to   space 10752K, 0% used [0x00000000efe80000,0x00000000efe80000,0x00000000f0900000)
 ParOldGen       total 42496K, used 13127K [0x00000000c2200000, 0x00000000c4b80000, 0x00000000eb600000)
  object space 42496K, 30% used [0x00000000c2200000,0x00000000c2ed1e40,0x00000000c4b80000)
 Metaspace       used 20204K, capacity 20438K, committed 20608K, reserved 1067008K
  class space    used 2259K, capacity 2331K, committed 2432K, reserved 1048576K
}
Event: 4.054 GC heap before
{Heap before GC invocations=6 (full 0):
 PSYoungGen      total 34304K, used 8005K [0x00000000eb600000, 0x00000000f0900000, 0x0000000100000000)
  eden space 31744K, 17% used [0x00000000eb600000,0x00000000ebb54fa0,0x00000000ed500000)
  from space 2560K, 99% used [0x00000000ed500000,0x00000000ed77c678,0x00000000ed780000)
  to   space 10752K, 0% used [0x00000000efe80000,0x00000000efe80000,0x00000000f0900000)
 ParOldGen       total 42496K, used 13127K [0x00000000c2200000, 0x00000000c4b80000, 0x00000000eb600000)
  object space 42496K, 30% used [0x00000000c2200000,0x00000000c2ed1e40,0x00000000c4b80000)
 Metaspace       used 20973K, capacity 21180K, committed 21296K, reserved 1069056K
  class space    used 2377K, capacity 2428K, committed 2432K, reserved 1048576K
Event: 4.060 GC heap after
Heap after GC invocations=6 (full 0):
 PSYoungGen      total 73216K, used 3815K [0x00000000eb600000, 0x00000000f0800000, 0x0000000100000000)
  eden space 63488K, 0% used [0x00000000eb600000,0x00000000eb600000,0x00000000ef400000)
  from space 9728K, 39% used [0x00000000efe80000,0x00000000f0239c80,0x00000000f0800000)
  to   space 10240K, 0% used [0x00000000ef400000,0x00000000ef400000,0x00000000efe00000)
 ParOldGen       total 42496K, used 13127K [0x00000000c2200000, 0x00000000c4b80000, 0x00000000eb600000)
  object space 42496K, 30% used [0x00000000c2200000,0x00000000c2ed1e40,0x00000000c4b80000)
 Metaspace       used 20973K, capacity 21180K, committed 21296K, reserved 1069056K
  class space    used 2377K, capacity 2428K, committed 2432K, reserved 1048576K
}
Event: 4.060 GC heap before
{Heap before GC invocations=7 (full 1):
 PSYoungGen      total 73216K, used 3815K [0x00000000eb600000, 0x00000000f0800000, 0x0000000100000000)
  eden space 63488K, 0% used [0x00000000eb600000,0x00000000eb600000,0x00000000ef400000)
  from space 9728K, 39% used [0x00000000efe80000,0x00000000f0239c80,0x00000000f0800000)
  to   space 10240K, 0% used [0x00000000ef400000,0x00000000ef400000,0x00000000efe00000)
 ParOldGen       total 42496K, used 13127K [0x00000000c2200000, 0x00000000c4b80000, 0x00000000eb600000)
  object space 42496K, 30% used [0x00000000c2200000,0x00000000c2ed1e40,0x00000000c4b80000)
 Metaspace       used 20973K, capacity 21180K, committed 21296K, reserved 1069056K
  class space    used 2377K, capacity 2428K, committed 2432K, reserved 1048576K
Event: 4.117 GC heap after
Heap after GC invocations=7 (full 1):
 PSYoungGen      total 73216K, used 0K [0x00000000eb600000, 0x00000000f0800000, 0x0000000100000000)
  eden space 63488K, 0% used [0x00000000eb600000,0x00000000eb600000,0x00000000ef400000)
  from space 9728K, 0% used [0x00000000efe80000,0x00000000efe80000,0x00000000f0800000)
  to   space 10240K, 0% used [0x00000000ef400000,0x00000000ef400000,0x00000000efe00000)
 ParOldGen       total 38400K, used 11192K [0x00000000c2200000, 0x00000000c4780000, 0x00000000eb600000)
  object space 38400K, 29% used [0x00000000c2200000,0x00000000c2cee1b0,0x00000000c4780000)
 Metaspace       used 20972K, capacity 21178K, committed 21296K, reserved 1069056K
  class space    used 2377K, capacity 2427K, committed 2432K, reserved 1048576K
}
Event: 6.754 GC heap before
{Heap before GC invocations=8 (full 1):
 PSYoungGen      total 73216K, used 61165K [0x00000000eb600000, 0x00000000f0800000, 0x0000000100000000)
  eden space 63488K, 96% used [0x00000000eb600000,0x00000000ef1bb428,0x00000000ef400000)
  from space 9728K, 0% used [0x00000000efe80000,0x00000000efe80000,0x00000000f0800000)
  to   space 10240K, 0% used [0x00000000ef400000,0x00000000ef400000,0x00000000efe00000)
 ParOldGen       total 38400K, used 11192K [0x00000000c2200000, 0x00000000c4780000, 0x00000000eb600000)
  object space 38400K, 29% used [0x00000000c2200000,0x00000000c2cee1b0,0x00000000c4780000)
 Metaspace       used 34618K, capacity 35338K, committed 35456K, reserved 1079296K
  class space    used 4499K, capacity 4662K, committed 4736K, reserved 1048576K
Event: 6.778 GC heap after
Heap after GC invocations=8 (full 1):
 PSYoungGen      total 73728K, used 10224K [0x00000000eb600000, 0x00000000f3900000, 0x0000000100000000)
  eden space 63488K, 0% used [0x00000000eb600000,0x00000000eb600000,0x00000000ef400000)
  from space 10240K, 99% used [0x00000000ef400000,0x00000000efdfc1a8,0x00000000efe00000)
  to   space 12288K, 0% used [0x00000000f2d00000,0x00000000f2d00000,0x00000000f3900000)
 ParOldGen       total 38400K, used 11720K [0x00000000c2200000, 0x00000000c4780000, 0x00000000eb600000)
  object space 38400K, 30% used [0x00000000c2200000,0x00000000c2d723a8,0x00000000c4780000)
 Metaspace       used 34618K, capacity 35338K, committed 35456K, reserved 1079296K
  class space    used 4499K, capacity 4662K, committed 4736K, reserved 1048576K
}
Event: 6.778 GC heap before
{Heap before GC invocations=9 (full 2):
 PSYoungGen      total 73728K, used 10224K [0x00000000eb600000, 0x00000000f3900000, 0x0000000100000000)
  eden space 63488K, 0% used [0x00000000eb600000,0x00000000eb600000,0x00000000ef400000)
  from space 10240K, 99% used [0x00000000ef400000,0x00000000efdfc1a8,0x00000000efe00000)
  to   space 12288K, 0% used [0x00000000f2d00000,0x00000000f2d00000,0x00000000f3900000)
 ParOldGen       total 38400K, used 11720K [0x00000000c2200000, 0x00000000c4780000, 0x00000000eb600000)
  object space 38400K, 30% used [0x00000000c2200000,0x00000000c2d723a8,0x00000000c4780000)
 Metaspace       used 34618K, capacity 35338K, committed 35456K, reserved 1079296K
  class space    used 4499K, capacity 4662K, committed 4736K, reserved 1048576K
Event: 6.868 GC heap after
Heap after GC invocations=9 (full 2):
 PSYoungGen      total 73728K, used 0K [0x00000000eb600000, 0x00000000f3900000, 0x0000000100000000)
  eden space 63488K, 0% used [0x00000000eb600000,0x00000000eb600000,0x00000000ef400000)
  from space 10240K, 0% used [0x00000000ef400000,0x00000000ef400000,0x00000000efe00000)
  to   space 12288K, 0% used [0x00000000f2d00000,0x00000000f2d00000,0x00000000f3900000)
 ParOldGen       total 52224K, used 17048K [0x00000000c2200000, 0x00000000c5500000, 0x00000000eb600000)
  object space 52224K, 32% used [0x00000000c2200000,0x00000000c32a6370,0x00000000c5500000)
 Metaspace       used 34618K, capacity 35338K, committed 35456K, reserved 1079296K
  class space    used 4499K, capacity 4662K, committed 4736K, reserved 1048576K
}

Deoptimization events (10 events):
Event: 90.948 Thread 0x000000001a957000 Uncommon trap: reason=bimorphic action=maybe_recompile pc=0x0000000002a83e14 method=java.io.BufferedInputStream.read1([BII)I @ 39
Event: 91.247 Thread 0x000000001a957000 Uncommon trap: reason=unreached action=reinterpret pc=0x0000000002beadd4 method=javax.crypto.Mac.chooseFirstProvider()V @ 4
Event: 91.385 Thread 0x000000001687f800 Uncommon trap: reason=bimorphic action=maybe_recompile pc=0x00000000029134c8 method=com.sun.javafx.css.SimpleSelector.applies(Ljavafx/css/Styleable;)Z @ 95
Event: 91.385 Thread 0x000000001687f800 Uncommon trap: reason=bimorphic action=maybe_recompile pc=0x00000000029134c8 method=com.sun.javafx.css.SimpleSelector.applies(Ljavafx/css/Styleable;)Z @ 95
Event: 91.444 Thread 0x000000001687f800 Uncommon trap: reason=unreached action=reinterpret pc=0x00000000021f937c method=com.sun.javafx.css.BitSet.addAll(Ljava/util/Collection;)Z @ 1
Event: 91.465 Thread 0x000000001687f800 Uncommon trap: reason=bimorphic action=maybe_recompile pc=0x0000000002d4dd74 method=javafx.beans.property.DoublePropertyBase.get()D @ 23
Event: 91.467 Thread 0x000000001687f800 Uncommon trap: reason=bimorphic action=maybe_recompile pc=0x0000000002d4dd74 method=javafx.beans.property.DoublePropertyBase.get()D @ 23
Event: 91.572 Thread 0x000000001687f800 Uncommon trap: reason=unreached action=reinterpret pc=0x0000000002a9d424 method=java.net.URL.<init>(Ljava/net/URL;Ljava/lang/String;Ljava/net/URLStreamHandler;)V @ 347
Event: 91.572 Thread 0x000000001687f800 Uncommon trap: reason=bimorphic action=maybe_recompile pc=0x0000000002d4dd74 method=javafx.beans.property.DoublePropertyBase.get()D @ 23
Event: 91.573 Thread 0x000000001687f800 Uncommon trap: reason=bimorphic action=maybe_recompile pc=0x0000000002d4dd74 method=javafx.beans.property.DoublePropertyBase.get()D @ 23

Internal exceptions (10 events):
Event: 79.786 Thread 0x000000001a957000 Implicit null exception at 0x0000000002322611 to 0x0000000002322715
Event: 80.487 Thread 0x000000001a957000 Implicit null exception at 0x0000000002a33b42 to 0x0000000002a34319
Event: 91.392 Thread 0x000000001687f800 Exception <a 'java/security/PrivilegedActionException'> (0x00000000ecdf13b8) thrown at [D:\re\workspace\8-2-build-windows-amd64-cygwin\jdk8u25\1677\hotspot\src\share\vm\prims\jvm.cpp, line 1312]
Event: 91.395 Thread 0x000000001687f800 Exception <a 'java/security/PrivilegedActionException'> (0x00000000ecdfb600) thrown at [D:\re\workspace\8-2-build-windows-amd64-cygwin\jdk8u25\1677\hotspot\src\share\vm\prims\jvm.cpp, line 1312]
Event: 91.395 Thread 0x000000001687f800 Exception <a 'java/security/PrivilegedActionException'> (0x00000000ece01848) thrown at [D:\re\workspace\8-2-build-windows-amd64-cygwin\jdk8u25\1677\hotspot\src\share\vm\prims\jvm.cpp, line 1312]
Event: 91.422 Thread 0x000000001687f800 Exception <a 'java/security/PrivilegedActionException'> (0x00000000ece4d600) thrown at [D:\re\workspace\8-2-build-windows-amd64-cygwin\jdk8u25\1677\hotspot\src\share\vm\prims\jvm.cpp, line 1312]
Event: 91.422 Thread 0x000000001687f800 Exception <a 'java/security/PrivilegedActionException'> (0x00000000ece57eb0) thrown at [D:\re\workspace\8-2-build-windows-amd64-cygwin\jdk8u25\1677\hotspot\src\share\vm\prims\jvm.cpp, line 1312]
Event: 91.423 Thread 0x000000001687f800 Exception <a 'java/security/PrivilegedActionException'> (0x00000000ece5b8b8) thrown at [D:\re\workspace\8-2-build-windows-amd64-cygwin\jdk8u25\1677\hotspot\src\share\vm\prims\jvm.cpp, line 1312]
Event: 91.444 Thread 0x000000001687f800 Implicit null exception at 0x00000000021f8d32 to 0x00000000021f9369
Event: 104.096 Thread 0x000000001b60a800 Exception <a 'java/lang/IllegalStateException'> (0x00000000ed573be0) thrown at [D:\re\workspace\8-2-build-windows-amd64-cygwin\jdk8u25\1677\hotspot\src\share\vm\prims\jvm.cpp, line 1316]

Events (10 events):
Event: 104.133 Thread 0x0000000014659800 flushing nmethod 0x0000000002287ad0
Event: 104.133 Thread 0x0000000014659800 flushing nmethod 0x00000000022908d0
Event: 104.134 Thread 0x0000000014659800 flushing nmethod 0x000000000229a050
Event: 104.134 Thread 0x0000000014659800 flushing nmethod 0x000000000229a410
Event: 104.134 Thread 0x0000000014659800 flushing nmethod 0x00000000022a0090
Event: 104.134 Thread 0x0000000014659800 flushing nmethod 0x00000000022aab10
Event: 104.162 loading class java/lang/ProcessImpl$2
Event: 104.163 loading class java/lang/ProcessImpl$2 done
Event: 104.164 Thread 0x000000001974e800 Thread exited: 0x000000001974e800
Event: 104.199 Executing VM operation: Exit


Dynamic libraries:
0x00007ff656560000 - 0x00007ff656594000 	C:\Program Files\Java\jdk1.8.0_25\bin\java.exe
0x00007ffe7c530000 - 0x00007ffe7c6d6000 	C:\WINDOWS\SYSTEM32\ntdll.dll
0x00007ffe79dd0000 - 0x00007ffe79f0a000 	C:\WINDOWS\system32\KERNEL32.DLL
0x00007ffe79970000 - 0x00007ffe79a7f000 	C:\WINDOWS\system32\KERNELBASE.dll
0x00007ffe784b0000 - 0x00007ffe78538000 	C:\WINDOWS\system32\apphelp.dll
0x00007ffe77560000 - 0x00007ffe775af000 	C:\WINDOWS\AppPatch\AppPatch64\AcGenral.DLL
0x00007ffe79f10000 - 0x00007ffe79fb7000 	C:\WINDOWS\system32\msvcrt.dll
0x00007ffe79680000 - 0x00007ffe796ab000 	C:\WINDOWS\SYSTEM32\SspiCli.dll
0x00007ffe7c4d0000 - 0x00007ffe7c521000 	C:\WINDOWS\system32\SHLWAPI.dll
0x00007ffe7a6c0000 - 0x00007ffe7a831000 	C:\WINDOWS\system32\USER32.dll
0x00007ffe7c290000 - 0x00007ffe7c408000 	C:\WINDOWS\system32\ole32.dll
0x00007ffe7ae80000 - 0x00007ffe7c28f000 	C:\WINDOWS\system32\SHELL32.dll
0x00007ffe78e40000 - 0x00007ffe78e5e000 	C:\WINDOWS\SYSTEM32\USERENV.dll
0x00007ffe7c410000 - 0x00007ffe7c4b5000 	C:\WINDOWS\system32\ADVAPI32.dll
0x00007ffe71060000 - 0x00007ffe7107b000 	C:\WINDOWS\SYSTEM32\MPR.dll
0x00007ffe7a0d0000 - 0x00007ffe7a207000 	C:\WINDOWS\system32\RPCRT4.dll
0x00007ffe7ae20000 - 0x00007ffe7ae77000 	C:\WINDOWS\SYSTEM32\sechost.dll
0x00007ffe7a400000 - 0x00007ffe7a5d6000 	C:\WINDOWS\SYSTEM32\combase.dll
0x00007ffe7aa20000 - 0x00007ffe7ab64000 	C:\WINDOWS\system32\GDI32.dll
0x00007ffe798a0000 - 0x00007ffe798b4000 	C:\WINDOWS\SYSTEM32\profapi.dll
0x00007ffe77ec0000 - 0x00007ffe77f5f000 	C:\WINDOWS\SYSTEM32\SHCORE.dll
0x00007ffe7a090000 - 0x00007ffe7a0c4000 	C:\WINDOWS\system32\IMM32.DLL
0x00007ffe7a210000 - 0x00007ffe7a349000 	C:\WINDOWS\system32\MSCTF.dll
0x00007ffe768f0000 - 0x00007ffe76b4a000 	C:\WINDOWS\WinSxS\amd64_microsoft.windows.common-controls_6595b64144ccf1df_6.0.9600.17031_none_6242a4b3ecbb55a1\COMCTL32.dll
0x0000000075940000 - 0x0000000075a12000 	C:\Program Files\Java\jdk1.8.0_25\jre\bin\msvcr100.dll
0x00000000750e0000 - 0x000000007593a000 	C:\Program Files\Java\jdk1.8.0_25\jre\bin\server\jvm.dll
0x00007ffe70660000 - 0x00007ffe70669000 	C:\WINDOWS\SYSTEM32\WSOCK32.dll
0x00007ffe749e0000 - 0x00007ffe749ff000 	C:\WINDOWS\SYSTEM32\WINMM.dll
0x00007ffe7ab70000 - 0x00007ffe7ab77000 	C:\WINDOWS\system32\PSAPI.DLL
0x00007ffe7adc0000 - 0x00007ffe7ae18000 	C:\WINDOWS\system32\WS2_32.dll
0x00007ffe749b0000 - 0x00007ffe749da000 	C:\WINDOWS\SYSTEM32\WINMMBASE.dll
0x00007ffe79dc0000 - 0x00007ffe79dc9000 	C:\WINDOWS\system32\NSI.dll
0x00007ffe79d10000 - 0x00007ffe79d5a000 	C:\WINDOWS\SYSTEM32\cfgmgr32.dll
0x00007ffe78710000 - 0x00007ffe78736000 	C:\WINDOWS\SYSTEM32\DEVOBJ.dll
0x0000000076850000 - 0x000000007685f000 	C:\Program Files\Java\jdk1.8.0_25\jre\bin\verify.dll
0x0000000076820000 - 0x0000000076848000 	C:\Program Files\Java\jdk1.8.0_25\jre\bin\java.dll
0x00000000750a0000 - 0x00000000750d5000 	C:\Program Files\Java\jdk1.8.0_25\jre\bin\jdwp.dll
0x0000000076810000 - 0x0000000076818000 	C:\Program Files\Java\jdk1.8.0_25\jre\bin\npt.dll
0x0000000075080000 - 0x0000000075096000 	C:\Program Files\Java\jdk1.8.0_25\jre\bin\zip.dll
0x0000000075070000 - 0x000000007507b000 	C:\Program Files\Java\jdk1.8.0_25\jre\bin\dt_shmem.dll
0x0000000075040000 - 0x000000007506c000 	C:\Program Files\Java\jdk1.8.0_25\jre\bin\prism_d3d.dll
0x00007ffe6ba10000 - 0x00007ffe6bc18000 	C:\WINDOWS\system32\d3d9.dll
0x00007ffe73c50000 - 0x00007ffe73c5a000 	C:\WINDOWS\SYSTEM32\VERSION.dll
0x00007ffe77cf0000 - 0x00007ffe77d10000 	C:\WINDOWS\SYSTEM32\dwmapi.dll
0x00007ffe78590000 - 0x00007ffe786b1000 	C:\WINDOWS\system32\uxtheme.dll
0x0000000074ee0000 - 0x0000000074f22000 	C:\Program Files\Java\jdk1.8.0_25\jre\bin\glass.dll
0x00007ffe7ad20000 - 0x00007ffe7adbe000 	C:\WINDOWS\system32\COMDLG32.dll
0x00007ffe79fc0000 - 0x00007ffe7a081000 	C:\WINDOWS\system32\OLEAUT32.dll
0x00007ffe78540000 - 0x00007ffe7854a000 	C:\WINDOWS\SYSTEM32\kernel.appcore.dll
0x00007ffe79710000 - 0x00007ffe7971a000 	C:\WINDOWS\SYSTEM32\CRYPTBASE.dll
0x00007ffe796b0000 - 0x00007ffe79710000 	C:\WINDOWS\SYSTEM32\bcryptPrimitives.dll
0x00007ffe790f0000 - 0x00007ffe7910e000 	C:\WINDOWS\SYSTEM32\CRYPTSP.dll
0x00007ffe78d80000 - 0x00007ffe78db5000 	C:\WINDOWS\system32\rsaenh.dll
0x00007ffe79380000 - 0x00007ffe793a6000 	C:\WINDOWS\SYSTEM32\bcrypt.dll
0x0000000075020000 - 0x000000007503a000 	C:\Program Files\Java\jdk1.8.0_25\jre\bin\net.dll
0x00007ffe79090000 - 0x00007ffe790e8000 	C:\WINDOWS\system32\mswsock.dll
0x00007ffe74700000 - 0x00007ffe74729000 	C:\WINDOWS\SYSTEM32\IPHLPAPI.DLL
0x00007ffe746d0000 - 0x00007ffe746da000 	C:\WINDOWS\SYSTEM32\WINNSI.DLL
0x00007ffe73f10000 - 0x00007ffe73f24000 	C:\WINDOWS\SYSTEM32\dhcpcsvc6.DLL
0x00007ffe743b0000 - 0x00007ffe743c9000 	C:\WINDOWS\SYSTEM32\dhcpcsvc.DLL
0x0000000074ec0000 - 0x0000000074ed1000 	C:\Program Files\Java\jdk1.8.0_25\jre\bin\nio.dll
0x0000000074ea0000 - 0x0000000074eb5000 	C:\Program Files\Java\jdk1.8.0_25\jre\bin\javafx_font.dll
0x00007ffe765a0000 - 0x00007ffe76787000 	C:\WINDOWS\SYSTEM32\dwrite.dll
0x00007ffe7a350000 - 0x00007ffe7a3f4000 	C:\WINDOWS\SYSTEM32\clbcatq.dll
0x00007ffe77990000 - 0x00007ffe77b23000 	C:\WINDOWS\SYSTEM32\WindowsCodecs.dll
0x00007ffe764e0000 - 0x00007ffe76509000 	C:\Program Files\Common Files\Microsoft Shared\Ink\rtscom.dll
0x0000000074e80000 - 0x0000000074e91000 	C:\Program Files\Java\jdk1.8.0_25\jre\bin\prism_common.dll
0x00007ffe7a840000 - 0x00007ffe7aa14000 	C:\WINDOWS\system32\SETUPAPI.dll
0x00007ffe75960000 - 0x00007ffe75acf000 	C:\WINDOWS\system32\propsys.dll
0x00007ffe6d9d0000 - 0x00007ffe6da68000 	C:\Program Files\Common Files\microsoft shared\ink\tiptsf.dll
0x00007ffe6a4f0000 - 0x00007ffe6a7a5000 	C:\WINDOWS\system32\explorerframe.dll
0x00007ffe78330000 - 0x00007ffe783d1000 	C:\WINDOWS\system32\DUser.dll
0x00007ffe77d10000 - 0x00007ffe77eba000 	C:\WINDOWS\system32\DUI70.dll
0x00007ffe74a90000 - 0x00007ffe74a97000 	C:\WINDOWS\SYSTEM32\MSIMG32.dll
0x00007ffe6a100000 - 0x00007ffe6a219000 	C:\Windows\System32\Windows.Globalization.dll
0x00007ffe76290000 - 0x00007ffe762ee000 	C:\Windows\System32\Bcp47Langs.dll
0x00007ffe76810000 - 0x00007ffe7683b000 	C:\WINDOWS\SYSTEM32\globinputhost.dll
0x00007ffe75470000 - 0x00007ffe754a8000 	C:\WINDOWS\system32\xmllite.dll
0x00007ffe62520000 - 0x00007ffe625b3000 	C:\WINDOWS\System32\StructuredQuery.dll
0x00007ffe6ede0000 - 0x00007ffe6f0a0000 	C:\Windows\System32\actxprxy.dll
0x00007ffe763d0000 - 0x00007ffe763fb000 	C:\Windows\System32\thumbcache.dll
0x00007ffe73f30000 - 0x00007ffe73f6a000 	C:\WINDOWS\system32\RemoteFileBrowse.dll
0x00007ffe71080000 - 0x00007ffe710cd000 	C:\WINDOWS\system32\framedynos.dll
0x00007ffe6db50000 - 0x00007ffe6dc62000 	C:\WINDOWS\system32\SearchFolder.dll
0x00007ffe6b6b0000 - 0x00007ffe6b84c000 	C:\WINDOWS\system32\NetworkExplorer.dll
0x00007ffe73460000 - 0x00007ffe73484000 	C:\WINDOWS\System32\IDStore.dll
0x00007ffe74990000 - 0x00007ffe749ae000 	C:\WINDOWS\System32\SAMLIB.dll
0x00007ffe6e0a0000 - 0x00007ffe6e124000 	C:\WINDOWS\System32\wlidprov.dll
0x00007ffe6d9c0000 - 0x00007ffe6d9cc000 	C:\WINDOWS\SYSTEM32\LINKINFO.dll
0x00007ffe70740000 - 0x00007ffe707f5000 	C:\Windows\System32\twinapi.dll
0x00007ffe70350000 - 0x00007ffe703d9000 	C:\Windows\System32\twinapi.appcore.dll
0x00007ffe74270000 - 0x00007ffe742a0000 	C:\WINDOWS\System32\shacct.dll
0x00007ffe79840000 - 0x00007ffe79885000 	C:\WINDOWS\SYSTEM32\powrprof.dll
0x00007ffe6f4c0000 - 0x00007ffe6f6fd000 	C:\PROGRA~1\MICROS~4\Office15\GROOVEEX.DLL
0x0000000076fb0000 - 0x0000000077048000 	C:\WINDOWS\SYSTEM32\MSVCP100.dll
0x0000000077170000 - 0x000000007719b000 	C:\WINDOWS\SYSTEM32\ATL100.DLL
0x00007ffe6eaa0000 - 0x00007ffe6edd1000 	C:\WINDOWS\SYSTEM32\msi.dll
0x00007ffe78260000 - 0x00007ffe7826b000 	C:\WINDOWS\System32\drprov.dll
0x00007ffe79720000 - 0x00007ffe79777000 	C:\WINDOWS\System32\WINSTA.dll
0x00007ffe775d0000 - 0x00007ffe775e1000 	C:\WINDOWS\system32\NetworkItemFactory.dll
0x00007ffe75ed0000 - 0x00007ffe75ee5000 	C:\WINDOWS\System32\ntlanman.dll
0x00007ffe75eb0000 - 0x00007ffe75ece000 	C:\WINDOWS\System32\davclnt.dll
0x00007ffe77f70000 - 0x00007ffe77f7b000 	C:\WINDOWS\System32\DAVHLPR.dll
0x00007ffe6c510000 - 0x00007ffe6c51d000 	C:\WINDOWS\system32\dtsh.dll
0x00007ffe78780000 - 0x00007ffe78836000 	C:\WINDOWS\system32\FirewallAPI.dll
0x00007ffe74fd0000 - 0x00007ffe74fe6000 	C:\WINDOWS\System32\wkscli.dll
0x00007ffe5ff40000 - 0x00007ffe607c5000 	C:\PROGRA~1\MICROS~4\Office15\1046\GrooveIntlResource.dll
0x00007ffe70320000 - 0x00007ffe70330000 	C:\WINDOWS\SYSTEM32\cscapi.dll
0x00007ffe78b30000 - 0x00007ffe78b3c000 	C:\WINDOWS\System32\netutils.dll
0x00007ffe75920000 - 0x00007ffe75931000 	C:\WINDOWS\System32\WTSAPI32.dll
0x00007ffe73d80000 - 0x00007ffe73df5000 	C:\Windows\System32\dlnashext.dll
0x00007ffe6c4c0000 - 0x00007ffe6c506000 	C:\Windows\System32\PlayToDevice.dll
0x0000000077150000 - 0x0000000077166000 	C:\Program Files\Common Files\TortoiseOverlays\TortoiseOverlays.dll
0x00007ffe76330000 - 0x00007ffe7634c000 	C:\Windows\System32\DevDispItemProvider.dll
0x0000000077130000 - 0x0000000077147000 	C:\Program Files\TortoiseGit\bin\TortoiseGitStub.dll
0x0000000076980000 - 0x0000000076a0e000 	C:\Program Files\TortoiseGit\bin\TortoiseGit.dll
0x00007ffe6f830000 - 0x00007ffe6f8d8000 	C:\Program Files\TortoiseGit\bin\libgit2.dll
0x00007ffe6ab50000 - 0x00007ffe6ad7b000 	C:\Program Files\TortoiseGit\bin\gitdll.dll
0x00007ffe6df30000 - 0x00007ffe6dfd7000 	C:\WINDOWS\SYSTEM32\MSVCP110.dll
0x00007ffe6da70000 - 0x00007ffe6db44000 	C:\WINDOWS\SYSTEM32\MSVCR110.dll
0x00007ffe72770000 - 0x00007ffe72788000 	C:\Program Files\TortoiseGit\bin\zlib1.dll
0x00007ffe717f0000 - 0x00007ffe718b5000 	C:\WINDOWS\SYSTEM32\WINHTTP.dll
0x0000000076960000 - 0x0000000076977000 	C:\Program Files\TortoiseSVN\bin\TortoiseStub.dll
0x00000000768e0000 - 0x000000007695c000 	C:\Program Files\TortoiseSVN\bin\TortoiseSVN.dll
0x00007ffe735a0000 - 0x00007ffe737eb000 	C:\WINDOWS\SYSTEM32\WININET.dll
0x00007ffe66550000 - 0x00007ffe669ba000 	C:\Program Files\TortoiseSVN\bin\libsvn_tsvn.dll
0x00000000768b0000 - 0x00000000768dd000 	C:\Program Files\TortoiseSVN\bin\libapr_tsvn.dll
0x00007ffe72630000 - 0x00007ffe72641000 	C:\Program Files\TortoiseSVN\bin\intl3_tsvn.dll

VM Arguments:
jvm_args: -Xdebug -Xrunjdwp:transport=dt_shmem,address=javadebug -Dfile.encoding=UTF-8 
java_command: C:\Users\User\Documents\NetBeansProjects\SNU\dist\run874159564\SNU.jar
java_class_path (initial): C:\Users\User\Documents\NetBeansProjects\SNU\dist\run874159564\SNU.jar
Launcher Type: SUN_STANDARD

Environment Variables:
JAVA_HOME=C:\Program Files\Java\jdk1.8.0_11
PATH=C:\ProgramData\Oracle\Java\javapath;C:\WINDOWS\system32;C:\WINDOWS;C:\WINDOWS\System32\Wbem;C:\WINDOWS\System32\WindowsPowerShell\v1.0\;C:\Program Files (x86)\Intel\OpenCL SDK\2.0\bin\x86;C:\Program Files (x86)\Intel\OpenCL SDK\2.0\bin\x64;C:\Program Files\TortoiseGit\bin;C:\Program Files (x86)\Windows Kits\8.1\Windows Performance Toolkit\;C:\Program Files\Microsoft SQL Server\110\Tools\Binn\;C:\Program Files\TortoiseSVN\bin;c:\Program Files (x86)\Microsoft SQL Server\110\Tools\Binn\ManagementStudio\;c:\Program Files (x86)\Microsoft SQL Server\110\Tools\Binn\;c:\Program Files (x86)\Microsoft SQL Server\110\DTS\Binn\;C:\Program Files (x86)\MySQL\MySQL Utilities 1.3.5\;C:\Program Files (x86)\Windows Live\Shared;C:\Program Files\MySQL\MySQL Server 5.6\bin;C:\Program Files (x86)\Inno Setup 5;C:\Program Files (x86)\MiKTeX 2.9\miktex\bin\;C:\Program Files\Microsoft SQL Server\120\Tools\Binn\;C:\Program Files (x86)\MATLAB\MATLAB Compiler Runtime\v713\runtime\win32;C:\opencv\opencv\build\x86\vc12\bin;C:\Program Files\Microsoft\Web Platform Installer\;C:\opencv\build\x86\vc12\bin;C:\Program Files\Java\jdk1.8.0_11\bin;C:\Program Files (x86)\Apache Ant 1.9.4\bin;C:\Program Files (x86)\Microsoft SDKs\TypeScript\1.0\
USERNAME=User
OS=Windows_NT
PROCESSOR_IDENTIFIER=Intel64 Family 6 Model 58 Stepping 9, GenuineIntel



---------------  S Y S T E M  ---------------

OS: Windows 8.1 , 64 bit Build 9600 

CPU:total 4 (2 cores per cpu, 2 threads per core) family 6 model 58 stepping 9, cmov, cx8, fxsr, mmx, sse, sse2, sse3, ssse3, sse4.1, sse4.2, popcnt, avx, clmul, erms, ht, tsc, tscinvbit, tscinv

Memory: 4k page, physical 4050428k(842800k free), swap 7307200k(1182376k free)

vm_info: Java HotSpot(TM) 64-Bit Server VM (25.25-b02) for windows-amd64 JRE (1.8.0_25-b18), built on Oct  7 2014 14:25:37 by "java_re" with MS VC++ 10.0 (VS2010)

time: Sun Dec 14 12:10:34 2014
elapsed time: 104 seconds (0d 0h 1m 44s)

