2014-03-16 10:58  INFO [JavaFX Application Thread] (SNU.java:50) - Iniciando a aplicação
2014-03-16 11:24  INFO [JavaFX Application Thread] (SNU.java:50) - Iniciando a aplicação
2014-03-16 11:33  INFO [JavaFX Application Thread] (SNU.java:50) - Iniciando a aplicação
2014-03-16 11:43  INFO [JavaFX Application Thread] (SNU.java:50) - Iniciando a aplicação
2014-03-16 11:52  INFO [JavaFX Application Thread] (SNU.java:50) - Iniciando a aplicação
2014-03-16 11:53 ERROR [JavaFX Application Thread] (LimparDadosMissasController.java:111) - Erro ao deletar Missas do banco
javax.persistence.TransactionRequiredException: Executing an update/delete query
	at org.hibernate.ejb.AbstractQueryImpl.executeUpdate(AbstractQueryImpl.java:96)
	at snu.controladores.MissaJpaController.destroyMissaBeforeDate(MissaJpaController.java:236)
	at snu.fronteiras.controladores.missa.LimparDadosMissasController.onActionFromBtnOk(LimparDadosMissasController.java:99)
	at sun.reflect.NativeMethodAccessorImpl.invoke0(Native Method)
	at sun.reflect.NativeMethodAccessorImpl.invoke(NativeMethodAccessorImpl.java:57)
	at sun.reflect.DelegatingMethodAccessorImpl.invoke(DelegatingMethodAccessorImpl.java:43)
	at java.lang.reflect.Method.invoke(Method.java:606)
	at sun.reflect.misc.Trampoline.invoke(MethodUtil.java:75)
	at sun.reflect.GeneratedMethodAccessor1.invoke(Unknown Source)
	at sun.reflect.DelegatingMethodAccessorImpl.invoke(DelegatingMethodAccessorImpl.java:43)
	at java.lang.reflect.Method.invoke(Method.java:606)
	at sun.reflect.misc.MethodUtil.invoke(MethodUtil.java:279)
	at javafx.fxml.FXMLLoader$ControllerMethodEventHandler.handle(FXMLLoader.java:1444)
	at com.sun.javafx.event.CompositeEventHandler.dispatchBubblingEvent(CompositeEventHandler.java:69)
	at com.sun.javafx.event.EventHandlerManager.dispatchBubblingEvent(EventHandlerManager.java:217)
	at com.sun.javafx.event.EventHandlerManager.dispatchBubblingEvent(EventHandlerManager.java:170)
	at com.sun.javafx.event.CompositeEventDispatcher.dispatchBubblingEvent(CompositeEventDispatcher.java:38)
	at com.sun.javafx.event.BasicEventDispatcher.dispatchEvent(BasicEventDispatcher.java:37)
	at com.sun.javafx.event.EventDispatchChainImpl.dispatchEvent(EventDispatchChainImpl.java:92)
	at com.sun.javafx.event.BasicEventDispatcher.dispatchEvent(BasicEventDispatcher.java:35)
	at com.sun.javafx.event.EventDispatchChainImpl.dispatchEvent(EventDispatchChainImpl.java:92)
	at com.sun.javafx.event.BasicEventDispatcher.dispatchEvent(BasicEventDispatcher.java:35)
	at com.sun.javafx.event.EventDispatchChainImpl.dispatchEvent(EventDispatchChainImpl.java:92)
	at com.sun.javafx.event.EventUtil.fireEventImpl(EventUtil.java:53)
	at com.sun.javafx.event.EventUtil.fireEvent(EventUtil.java:28)
	at javafx.event.Event.fireEvent(Event.java:171)
	at javafx.scene.Node.fireEvent(Node.java:6867)
	at javafx.scene.control.Button.fire(Button.java:179)
	at com.sun.javafx.scene.control.behavior.ButtonBehavior.mouseReleased(ButtonBehavior.java:193)
	at com.sun.javafx.scene.control.skin.SkinBase$4.handle(SkinBase.java:336)
	at com.sun.javafx.scene.control.skin.SkinBase$4.handle(SkinBase.java:329)
	at com.sun.javafx.event.CompositeEventHandler.dispatchBubblingEvent(CompositeEventHandler.java:64)
	at com.sun.javafx.event.EventHandlerManager.dispatchBubblingEvent(EventHandlerManager.java:217)
	at com.sun.javafx.event.EventHandlerManager.dispatchBubblingEvent(EventHandlerManager.java:170)
	at com.sun.javafx.event.CompositeEventDispatcher.dispatchBubblingEvent(CompositeEventDispatcher.java:38)
	at com.sun.javafx.event.BasicEventDispatcher.dispatchEvent(BasicEventDispatcher.java:37)
	at com.sun.javafx.event.EventDispatchChainImpl.dispatchEvent(EventDispatchChainImpl.java:92)
	at com.sun.javafx.event.BasicEventDispatcher.dispatchEvent(BasicEventDispatcher.java:35)
	at com.sun.javafx.event.EventDispatchChainImpl.dispatchEvent(EventDispatchChainImpl.java:92)
	at com.sun.javafx.event.BasicEventDispatcher.dispatchEvent(BasicEventDispatcher.java:35)
	at com.sun.javafx.event.EventDispatchChainImpl.dispatchEvent(EventDispatchChainImpl.java:92)
	at com.sun.javafx.event.BasicEventDispatcher.dispatchEvent(BasicEventDispatcher.java:35)
	at com.sun.javafx.event.EventDispatchChainImpl.dispatchEvent(EventDispatchChainImpl.java:92)
	at com.sun.javafx.event.EventUtil.fireEventImpl(EventUtil.java:53)
	at com.sun.javafx.event.EventUtil.fireEvent(EventUtil.java:28)
	at javafx.event.Event.fireEvent(Event.java:171)
	at javafx.scene.Scene$MouseHandler.process(Scene.java:3311)
	at javafx.scene.Scene$MouseHandler.process(Scene.java:3151)
	at javafx.scene.Scene$MouseHandler.access$1900(Scene.java:3106)
	at javafx.scene.Scene.impl_processMouseEvent(Scene.java:1563)
	at javafx.scene.Scene$ScenePeerListener.mouseEvent(Scene.java:2248)
	at com.sun.javafx.tk.quantum.GlassViewEventHandler$MouseEventNotification.run(GlassViewEventHandler.java:250)
	at com.sun.javafx.tk.quantum.GlassViewEventHandler$MouseEventNotification.run(GlassViewEventHandler.java:173)
	at java.security.AccessController.doPrivileged(Native Method)
	at com.sun.javafx.tk.quantum.GlassViewEventHandler.handleMouseEvent(GlassViewEventHandler.java:292)
	at com.sun.glass.ui.View.handleMouseEvent(View.java:530)
	at com.sun.glass.ui.View.notifyMouse(View.java:924)
	at com.sun.glass.ui.win.WinApplication._enterNestedEventLoopImpl(Native Method)
	at com.sun.glass.ui.win.WinApplication._enterNestedEventLoop(WinApplication.java:96)
	at com.sun.glass.ui.Application.enterNestedEventLoop(Application.java:384)
	at com.sun.glass.ui.EventLoop.enter(EventLoop.java:83)
	at com.sun.javafx.tk.quantum.QuantumToolkit.enterNestedEventLoop(QuantumToolkit.java:523)
	at javafx.stage.Stage.showAndWait(Stage.java:397)
	at snu.fronteiras.controladores.FXMLDocumentController.onActionFromItemLimparDadosMissa(FXMLDocumentController.java:436)
	at sun.reflect.NativeMethodAccessorImpl.invoke0(Native Method)
	at sun.reflect.NativeMethodAccessorImpl.invoke(NativeMethodAccessorImpl.java:57)
	at sun.reflect.DelegatingMethodAccessorImpl.invoke(DelegatingMethodAccessorImpl.java:43)
	at java.lang.reflect.Method.invoke(Method.java:606)
	at sun.reflect.misc.Trampoline.invoke(MethodUtil.java:75)
	at sun.reflect.GeneratedMethodAccessor1.invoke(Unknown Source)
	at sun.reflect.DelegatingMethodAccessorImpl.invoke(DelegatingMethodAccessorImpl.java:43)
	at java.lang.reflect.Method.invoke(Method.java:606)
	at sun.reflect.misc.MethodUtil.invoke(MethodUtil.java:279)
	at javafx.fxml.FXMLLoader$ControllerMethodEventHandler.handle(FXMLLoader.java:1444)
	at com.sun.javafx.event.CompositeEventHandler.dispatchBubblingEvent(CompositeEventHandler.java:69)
	at com.sun.javafx.event.EventHandlerManager.dispatchBubblingEvent(EventHandlerManager.java:217)
	at com.sun.javafx.event.EventHandlerManager.dispatchBubblingEvent(EventHandlerManager.java:170)
	at com.sun.javafx.event.BasicEventDispatcher.dispatchEvent(BasicEventDispatcher.java:37)
	at com.sun.javafx.event.EventDispatchChainImpl.dispatchEvent(EventDispatchChainImpl.java:92)
	at com.sun.javafx.event.EventUtil.fireEventImpl(EventUtil.java:53)
	at com.sun.javafx.event.EventUtil.fireEvent(EventUtil.java:28)
	at javafx.event.Event.fireEvent(Event.java:171)
	at javafx.scene.control.MenuItem.fire(MenuItem.java:456)
	at com.sun.javafx.scene.control.skin.ContextMenuContent$MenuItemContainer.doSelect(ContextMenuContent.java:1199)
	at com.sun.javafx.scene.control.skin.ContextMenuContent$MenuItemContainer$6.handle(ContextMenuContent.java:1148)
	at com.sun.javafx.scene.control.skin.ContextMenuContent$MenuItemContainer$6.handle(ContextMenuContent.java:1146)
	at com.sun.javafx.event.CompositeEventHandler.dispatchBubblingEvent(CompositeEventHandler.java:69)
	at com.sun.javafx.event.EventHandlerManager.dispatchBubblingEvent(EventHandlerManager.java:217)
	at com.sun.javafx.event.EventHandlerManager.dispatchBubblingEvent(EventHandlerManager.java:170)
	at com.sun.javafx.event.CompositeEventDispatcher.dispatchBubblingEvent(CompositeEventDispatcher.java:38)
	at com.sun.javafx.event.BasicEventDispatcher.dispatchEvent(BasicEventDispatcher.java:37)
	at com.sun.javafx.event.EventDispatchChainImpl.dispatchEvent(EventDispatchChainImpl.java:92)
	at com.sun.javafx.event.BasicEventDispatcher.dispatchEvent(BasicEventDispatcher.java:35)
	at com.sun.javafx.event.EventDispatchChainImpl.dispatchEvent(EventDispatchChainImpl.java:92)
	at com.sun.javafx.event.BasicEventDispatcher.dispatchEvent(BasicEventDispatcher.java:35)
	at com.sun.javafx.event.EventDispatchChainImpl.dispatchEvent(EventDispatchChainImpl.java:92)
	at com.sun.javafx.event.EventUtil.fireEventImpl(EventUtil.java:53)
	at com.sun.javafx.event.EventUtil.fireEvent(EventUtil.java:33)
	at javafx.event.Event.fireEvent(Event.java:171)
	at javafx.scene.Scene$MouseHandler.process(Scene.java:3311)
	at javafx.scene.Scene$MouseHandler.process(Scene.java:3151)
	at javafx.scene.Scene$MouseHandler.access$1900(Scene.java:3106)
	at javafx.scene.Scene.impl_processMouseEvent(Scene.java:1563)
	at javafx.scene.Scene$ScenePeerListener.mouseEvent(Scene.java:2248)
	at com.sun.javafx.tk.quantum.GlassViewEventHandler$MouseEventNotification.run(GlassViewEventHandler.java:250)
	at com.sun.javafx.tk.quantum.GlassViewEventHandler$MouseEventNotification.run(GlassViewEventHandler.java:173)
	at java.security.AccessController.doPrivileged(Native Method)
	at com.sun.javafx.tk.quantum.GlassViewEventHandler.handleMouseEvent(GlassViewEventHandler.java:292)
	at com.sun.glass.ui.View.handleMouseEvent(View.java:530)
	at com.sun.glass.ui.View.notifyMouse(View.java:924)
	at com.sun.glass.ui.win.WinApplication._runLoop(Native Method)
	at com.sun.glass.ui.win.WinApplication.access$100(WinApplication.java:17)
	at com.sun.glass.ui.win.WinApplication$3$1.run(WinApplication.java:67)
	at java.lang.Thread.run(Thread.java:744)
2014-03-16 12:00  INFO [JavaFX Application Thread] (SNU.java:50) - Iniciando a aplicação
2014-03-16 12:01  INFO [JavaFX Application Thread] (SNU.java:50) - Iniciando a aplicação
2014-03-16 12:02 ERROR [JavaFX Application Thread] (LimparDadosMissasController.java:111) - Erro ao deletar Missas do banco
javax.persistence.TransactionRequiredException: Executing an update/delete query
	at org.hibernate.ejb.AbstractQueryImpl.executeUpdate(AbstractQueryImpl.java:96)
	at snu.controladores.MissaJpaController.destroyMissaBeforeDate(MissaJpaController.java:240)
	at snu.fronteiras.controladores.missa.LimparDadosMissasController.onActionFromBtnOk(LimparDadosMissasController.java:99)
	at sun.reflect.NativeMethodAccessorImpl.invoke0(Native Method)
	at sun.reflect.NativeMethodAccessorImpl.invoke(NativeMethodAccessorImpl.java:57)
	at sun.reflect.DelegatingMethodAccessorImpl.invoke(DelegatingMethodAccessorImpl.java:43)
	at java.lang.reflect.Method.invoke(Method.java:606)
	at sun.reflect.misc.Trampoline.invoke(MethodUtil.java:75)
	at sun.reflect.GeneratedMethodAccessor1.invoke(Unknown Source)
	at sun.reflect.DelegatingMethodAccessorImpl.invoke(DelegatingMethodAccessorImpl.java:43)
	at java.lang.reflect.Method.invoke(Method.java:606)
	at sun.reflect.misc.MethodUtil.invoke(MethodUtil.java:279)
	at javafx.fxml.FXMLLoader$ControllerMethodEventHandler.handle(FXMLLoader.java:1444)
	at com.sun.javafx.event.CompositeEventHandler.dispatchBubblingEvent(CompositeEventHandler.java:69)
	at com.sun.javafx.event.EventHandlerManager.dispatchBubblingEvent(EventHandlerManager.java:217)
	at com.sun.javafx.event.EventHandlerManager.dispatchBubblingEvent(EventHandlerManager.java:170)
	at com.sun.javafx.event.CompositeEventDispatcher.dispatchBubblingEvent(CompositeEventDispatcher.java:38)
	at com.sun.javafx.event.BasicEventDispatcher.dispatchEvent(BasicEventDispatcher.java:37)
	at com.sun.javafx.event.EventDispatchChainImpl.dispatchEvent(EventDispatchChainImpl.java:92)
	at com.sun.javafx.event.BasicEventDispatcher.dispatchEvent(BasicEventDispatcher.java:35)
	at com.sun.javafx.event.EventDispatchChainImpl.dispatchEvent(EventDispatchChainImpl.java:92)
	at com.sun.javafx.event.BasicEventDispatcher.dispatchEvent(BasicEventDispatcher.java:35)
	at com.sun.javafx.event.EventDispatchChainImpl.dispatchEvent(EventDispatchChainImpl.java:92)
	at com.sun.javafx.event.EventUtil.fireEventImpl(EventUtil.java:53)
	at com.sun.javafx.event.EventUtil.fireEvent(EventUtil.java:28)
	at javafx.event.Event.fireEvent(Event.java:171)
	at javafx.scene.Node.fireEvent(Node.java:6867)
	at javafx.scene.control.Button.fire(Button.java:179)
	at com.sun.javafx.scene.control.behavior.ButtonBehavior.mouseReleased(ButtonBehavior.java:193)
	at com.sun.javafx.scene.control.skin.SkinBase$4.handle(SkinBase.java:336)
	at com.sun.javafx.scene.control.skin.SkinBase$4.handle(SkinBase.java:329)
	at com.sun.javafx.event.CompositeEventHandler.dispatchBubblingEvent(CompositeEventHandler.java:64)
	at com.sun.javafx.event.EventHandlerManager.dispatchBubblingEvent(EventHandlerManager.java:217)
	at com.sun.javafx.event.EventHandlerManager.dispatchBubblingEvent(EventHandlerManager.java:170)
	at com.sun.javafx.event.CompositeEventDispatcher.dispatchBubblingEvent(CompositeEventDispatcher.java:38)
	at com.sun.javafx.event.BasicEventDispatcher.dispatchEvent(BasicEventDispatcher.java:37)
	at com.sun.javafx.event.EventDispatchChainImpl.dispatchEvent(EventDispatchChainImpl.java:92)
	at com.sun.javafx.event.BasicEventDispatcher.dispatchEvent(BasicEventDispatcher.java:35)
	at com.sun.javafx.event.EventDispatchChainImpl.dispatchEvent(EventDispatchChainImpl.java:92)
	at com.sun.javafx.event.BasicEventDispatcher.dispatchEvent(BasicEventDispatcher.java:35)
	at com.sun.javafx.event.EventDispatchChainImpl.dispatchEvent(EventDispatchChainImpl.java:92)
	at com.sun.javafx.event.BasicEventDispatcher.dispatchEvent(BasicEventDispatcher.java:35)
	at com.sun.javafx.event.EventDispatchChainImpl.dispatchEvent(EventDispatchChainImpl.java:92)
	at com.sun.javafx.event.EventUtil.fireEventImpl(EventUtil.java:53)
	at com.sun.javafx.event.EventUtil.fireEvent(EventUtil.java:28)
	at javafx.event.Event.fireEvent(Event.java:171)
	at javafx.scene.Scene$MouseHandler.process(Scene.java:3311)
	at javafx.scene.Scene$MouseHandler.process(Scene.java:3151)
	at javafx.scene.Scene$MouseHandler.access$1900(Scene.java:3106)
	at javafx.scene.Scene.impl_processMouseEvent(Scene.java:1563)
	at javafx.scene.Scene$ScenePeerListener.mouseEvent(Scene.java:2248)
	at com.sun.javafx.tk.quantum.GlassViewEventHandler$MouseEventNotification.run(GlassViewEventHandler.java:250)
	at com.sun.javafx.tk.quantum.GlassViewEventHandler$MouseEventNotification.run(GlassViewEventHandler.java:173)
	at java.security.AccessController.doPrivileged(Native Method)
	at com.sun.javafx.tk.quantum.GlassViewEventHandler.handleMouseEvent(GlassViewEventHandler.java:292)
	at com.sun.glass.ui.View.handleMouseEvent(View.java:530)
	at com.sun.glass.ui.View.notifyMouse(View.java:924)
	at com.sun.glass.ui.win.WinApplication._enterNestedEventLoopImpl(Native Method)
	at com.sun.glass.ui.win.WinApplication._enterNestedEventLoop(WinApplication.java:96)
	at com.sun.glass.ui.Application.enterNestedEventLoop(Application.java:384)
	at com.sun.glass.ui.EventLoop.enter(EventLoop.java:83)
	at com.sun.javafx.tk.quantum.QuantumToolkit.enterNestedEventLoop(QuantumToolkit.java:523)
	at javafx.stage.Stage.showAndWait(Stage.java:397)
	at snu.fronteiras.controladores.FXMLDocumentController.onActionFromItemLimparDadosMissa(FXMLDocumentController.java:436)
	at sun.reflect.NativeMethodAccessorImpl.invoke0(Native Method)
	at sun.reflect.NativeMethodAccessorImpl.invoke(NativeMethodAccessorImpl.java:57)
	at sun.reflect.DelegatingMethodAccessorImpl.invoke(DelegatingMethodAccessorImpl.java:43)
	at java.lang.reflect.Method.invoke(Method.java:606)
	at sun.reflect.misc.Trampoline.invoke(MethodUtil.java:75)
	at sun.reflect.GeneratedMethodAccessor1.invoke(Unknown Source)
	at sun.reflect.DelegatingMethodAccessorImpl.invoke(DelegatingMethodAccessorImpl.java:43)
	at java.lang.reflect.Method.invoke(Method.java:606)
	at sun.reflect.misc.MethodUtil.invoke(MethodUtil.java:279)
	at javafx.fxml.FXMLLoader$ControllerMethodEventHandler.handle(FXMLLoader.java:1444)
	at com.sun.javafx.event.CompositeEventHandler.dispatchBubblingEvent(CompositeEventHandler.java:69)
	at com.sun.javafx.event.EventHandlerManager.dispatchBubblingEvent(EventHandlerManager.java:217)
	at com.sun.javafx.event.EventHandlerManager.dispatchBubblingEvent(EventHandlerManager.java:170)
	at com.sun.javafx.event.BasicEventDispatcher.dispatchEvent(BasicEventDispatcher.java:37)
	at com.sun.javafx.event.EventDispatchChainImpl.dispatchEvent(EventDispatchChainImpl.java:92)
	at com.sun.javafx.event.EventUtil.fireEventImpl(EventUtil.java:53)
	at com.sun.javafx.event.EventUtil.fireEvent(EventUtil.java:28)
	at javafx.event.Event.fireEvent(Event.java:171)
	at javafx.scene.control.MenuItem.fire(MenuItem.java:456)
	at com.sun.javafx.scene.control.skin.ContextMenuContent$MenuItemContainer.doSelect(ContextMenuContent.java:1199)
	at com.sun.javafx.scene.control.skin.ContextMenuContent$MenuItemContainer$6.handle(ContextMenuContent.java:1148)
	at com.sun.javafx.scene.control.skin.ContextMenuContent$MenuItemContainer$6.handle(ContextMenuContent.java:1146)
	at com.sun.javafx.event.CompositeEventHandler.dispatchBubblingEvent(CompositeEventHandler.java:69)
	at com.sun.javafx.event.EventHandlerManager.dispatchBubblingEvent(EventHandlerManager.java:217)
	at com.sun.javafx.event.EventHandlerManager.dispatchBubblingEvent(EventHandlerManager.java:170)
	at com.sun.javafx.event.CompositeEventDispatcher.dispatchBubblingEvent(CompositeEventDispatcher.java:38)
	at com.sun.javafx.event.BasicEventDispatcher.dispatchEvent(BasicEventDispatcher.java:37)
	at com.sun.javafx.event.EventDispatchChainImpl.dispatchEvent(EventDispatchChainImpl.java:92)
	at com.sun.javafx.event.BasicEventDispatcher.dispatchEvent(BasicEventDispatcher.java:35)
	at com.sun.javafx.event.EventDispatchChainImpl.dispatchEvent(EventDispatchChainImpl.java:92)
	at com.sun.javafx.event.BasicEventDispatcher.dispatchEvent(BasicEventDispatcher.java:35)
	at com.sun.javafx.event.EventDispatchChainImpl.dispatchEvent(EventDispatchChainImpl.java:92)
	at com.sun.javafx.event.EventUtil.fireEventImpl(EventUtil.java:53)
	at com.sun.javafx.event.EventUtil.fireEvent(EventUtil.java:33)
	at javafx.event.Event.fireEvent(Event.java:171)
	at javafx.scene.Scene$MouseHandler.process(Scene.java:3311)
	at javafx.scene.Scene$MouseHandler.process(Scene.java:3151)
	at javafx.scene.Scene$MouseHandler.access$1900(Scene.java:3106)
	at javafx.scene.Scene.impl_processMouseEvent(Scene.java:1563)
	at javafx.scene.Scene$ScenePeerListener.mouseEvent(Scene.java:2248)
	at com.sun.javafx.tk.quantum.GlassViewEventHandler$MouseEventNotification.run(GlassViewEventHandler.java:250)
	at com.sun.javafx.tk.quantum.GlassViewEventHandler$MouseEventNotification.run(GlassViewEventHandler.java:173)
	at java.security.AccessController.doPrivileged(Native Method)
	at com.sun.javafx.tk.quantum.GlassViewEventHandler.handleMouseEvent(GlassViewEventHandler.java:292)
	at com.sun.glass.ui.View.handleMouseEvent(View.java:530)
	at com.sun.glass.ui.View.notifyMouse(View.java:924)
	at com.sun.glass.ui.win.WinApplication._runLoop(Native Method)
	at com.sun.glass.ui.win.WinApplication.access$100(WinApplication.java:17)
	at com.sun.glass.ui.win.WinApplication$3$1.run(WinApplication.java:67)
	at java.lang.Thread.run(Thread.java:744)
2014-03-16 12:11  INFO [JavaFX Application Thread] (SNU.java:50) - Iniciando a aplicação
2014-03-16 12:18  INFO [JavaFX Application Thread] (SNU.java:50) - Iniciando a aplicação
2014-03-16 12:27  INFO [JavaFX Application Thread] (SNU.java:50) - Iniciando a aplicação
2014-03-16 12:27 ERROR [JavaFX Application Thread] (LimparDadosMissasController.java:111) - Erro ao deletar Missas do banco
java.lang.IllegalArgumentException: org.hibernate.QueryException: unexpected char: ';' [SET SQL_SAFE_UPDATES=0;DELETE FROM snu.entidades.missa.Missa m WHERE m.dataAcontecimento < :dataAcontecimento;SET SQL_SAFE_UPDATES=1;]
	at org.hibernate.ejb.AbstractEntityManagerImpl.convert(AbstractEntityManagerImpl.java:1376)
	at org.hibernate.ejb.AbstractEntityManagerImpl.convert(AbstractEntityManagerImpl.java:1317)
	at org.hibernate.ejb.AbstractEntityManagerImpl.createQuery(AbstractEntityManagerImpl.java:280)
	at snu.controladores.MissaJpaController.destroyMissaBeforeDate(MissaJpaController.java:234)
	at snu.fronteiras.controladores.missa.LimparDadosMissasController.onActionFromBtnOk(LimparDadosMissasController.java:99)
	at sun.reflect.NativeMethodAccessorImpl.invoke0(Native Method)
	at sun.reflect.NativeMethodAccessorImpl.invoke(NativeMethodAccessorImpl.java:57)
	at sun.reflect.DelegatingMethodAccessorImpl.invoke(DelegatingMethodAccessorImpl.java:43)
	at java.lang.reflect.Method.invoke(Method.java:606)
	at sun.reflect.misc.Trampoline.invoke(MethodUtil.java:75)
	at sun.reflect.GeneratedMethodAccessor1.invoke(Unknown Source)
	at sun.reflect.DelegatingMethodAccessorImpl.invoke(DelegatingMethodAccessorImpl.java:43)
	at java.lang.reflect.Method.invoke(Method.java:606)
	at sun.reflect.misc.MethodUtil.invoke(MethodUtil.java:279)
	at javafx.fxml.FXMLLoader$ControllerMethodEventHandler.handle(FXMLLoader.java:1444)
	at com.sun.javafx.event.CompositeEventHandler.dispatchBubblingEvent(CompositeEventHandler.java:69)
	at com.sun.javafx.event.EventHandlerManager.dispatchBubblingEvent(EventHandlerManager.java:217)
	at com.sun.javafx.event.EventHandlerManager.dispatchBubblingEvent(EventHandlerManager.java:170)
	at com.sun.javafx.event.CompositeEventDispatcher.dispatchBubblingEvent(CompositeEventDispatcher.java:38)
	at com.sun.javafx.event.BasicEventDispatcher.dispatchEvent(BasicEventDispatcher.java:37)
	at com.sun.javafx.event.EventDispatchChainImpl.dispatchEvent(EventDispatchChainImpl.java:92)
	at com.sun.javafx.event.BasicEventDispatcher.dispatchEvent(BasicEventDispatcher.java:35)
	at com.sun.javafx.event.EventDispatchChainImpl.dispatchEvent(EventDispatchChainImpl.java:92)
	at com.sun.javafx.event.BasicEventDispatcher.dispatchEvent(BasicEventDispatcher.java:35)
	at com.sun.javafx.event.EventDispatchChainImpl.dispatchEvent(EventDispatchChainImpl.java:92)
	at com.sun.javafx.event.EventUtil.fireEventImpl(EventUtil.java:53)
	at com.sun.javafx.event.EventUtil.fireEvent(EventUtil.java:28)
	at javafx.event.Event.fireEvent(Event.java:171)
	at javafx.scene.Node.fireEvent(Node.java:6867)
	at javafx.scene.control.Button.fire(Button.java:179)
	at com.sun.javafx.scene.control.behavior.ButtonBehavior.mouseReleased(ButtonBehavior.java:193)
	at com.sun.javafx.scene.control.skin.SkinBase$4.handle(SkinBase.java:336)
	at com.sun.javafx.scene.control.skin.SkinBase$4.handle(SkinBase.java:329)
	at com.sun.javafx.event.CompositeEventHandler.dispatchBubblingEvent(CompositeEventHandler.java:64)
	at com.sun.javafx.event.EventHandlerManager.dispatchBubblingEvent(EventHandlerManager.java:217)
	at com.sun.javafx.event.EventHandlerManager.dispatchBubblingEvent(EventHandlerManager.java:170)
	at com.sun.javafx.event.CompositeEventDispatcher.dispatchBubblingEvent(CompositeEventDispatcher.java:38)
	at com.sun.javafx.event.BasicEventDispatcher.dispatchEvent(BasicEventDispatcher.java:37)
	at com.sun.javafx.event.EventDispatchChainImpl.dispatchEvent(EventDispatchChainImpl.java:92)
	at com.sun.javafx.event.BasicEventDispatcher.dispatchEvent(BasicEventDispatcher.java:35)
	at com.sun.javafx.event.EventDispatchChainImpl.dispatchEvent(EventDispatchChainImpl.java:92)
	at com.sun.javafx.event.BasicEventDispatcher.dispatchEvent(BasicEventDispatcher.java:35)
	at com.sun.javafx.event.EventDispatchChainImpl.dispatchEvent(EventDispatchChainImpl.java:92)
	at com.sun.javafx.event.BasicEventDispatcher.dispatchEvent(BasicEventDispatcher.java:35)
	at com.sun.javafx.event.EventDispatchChainImpl.dispatchEvent(EventDispatchChainImpl.java:92)
	at com.sun.javafx.event.EventUtil.fireEventImpl(EventUtil.java:53)
	at com.sun.javafx.event.EventUtil.fireEvent(EventUtil.java:28)
	at javafx.event.Event.fireEvent(Event.java:171)
	at javafx.scene.Scene$MouseHandler.process(Scene.java:3311)
	at javafx.scene.Scene$MouseHandler.process(Scene.java:3151)
	at javafx.scene.Scene$MouseHandler.access$1900(Scene.java:3106)
	at javafx.scene.Scene.impl_processMouseEvent(Scene.java:1563)
	at javafx.scene.Scene$ScenePeerListener.mouseEvent(Scene.java:2248)
	at com.sun.javafx.tk.quantum.GlassViewEventHandler$MouseEventNotification.run(GlassViewEventHandler.java:250)
	at com.sun.javafx.tk.quantum.GlassViewEventHandler$MouseEventNotification.run(GlassViewEventHandler.java:173)
	at java.security.AccessController.doPrivileged(Native Method)
	at com.sun.javafx.tk.quantum.GlassViewEventHandler.handleMouseEvent(GlassViewEventHandler.java:292)
	at com.sun.glass.ui.View.handleMouseEvent(View.java:530)
	at com.sun.glass.ui.View.notifyMouse(View.java:924)
	at com.sun.glass.ui.win.WinApplication._enterNestedEventLoopImpl(Native Method)
	at com.sun.glass.ui.win.WinApplication._enterNestedEventLoop(WinApplication.java:96)
	at com.sun.glass.ui.Application.enterNestedEventLoop(Application.java:384)
	at com.sun.glass.ui.EventLoop.enter(EventLoop.java:83)
	at com.sun.javafx.tk.quantum.QuantumToolkit.enterNestedEventLoop(QuantumToolkit.java:523)
	at javafx.stage.Stage.showAndWait(Stage.java:397)
	at snu.fronteiras.controladores.FXMLDocumentController.onActionFromItemLimparDadosMissa(FXMLDocumentController.java:436)
	at sun.reflect.NativeMethodAccessorImpl.invoke0(Native Method)
	at sun.reflect.NativeMethodAccessorImpl.invoke(NativeMethodAccessorImpl.java:57)
	at sun.reflect.DelegatingMethodAccessorImpl.invoke(DelegatingMethodAccessorImpl.java:43)
	at java.lang.reflect.Method.invoke(Method.java:606)
	at sun.reflect.misc.Trampoline.invoke(MethodUtil.java:75)
	at sun.reflect.GeneratedMethodAccessor1.invoke(Unknown Source)
	at sun.reflect.DelegatingMethodAccessorImpl.invoke(DelegatingMethodAccessorImpl.java:43)
	at java.lang.reflect.Method.invoke(Method.java:606)
	at sun.reflect.misc.MethodUtil.invoke(MethodUtil.java:279)
	at javafx.fxml.FXMLLoader$ControllerMethodEventHandler.handle(FXMLLoader.java:1444)
	at com.sun.javafx.event.CompositeEventHandler.dispatchBubblingEvent(CompositeEventHandler.java:69)
	at com.sun.javafx.event.EventHandlerManager.dispatchBubblingEvent(EventHandlerManager.java:217)
	at com.sun.javafx.event.EventHandlerManager.dispatchBubblingEvent(EventHandlerManager.java:170)
	at com.sun.javafx.event.BasicEventDispatcher.dispatchEvent(BasicEventDispatcher.java:37)
	at com.sun.javafx.event.EventDispatchChainImpl.dispatchEvent(EventDispatchChainImpl.java:92)
	at com.sun.javafx.event.EventUtil.fireEventImpl(EventUtil.java:53)
	at com.sun.javafx.event.EventUtil.fireEvent(EventUtil.java:28)
	at javafx.event.Event.fireEvent(Event.java:171)
	at javafx.scene.control.MenuItem.fire(MenuItem.java:456)
	at com.sun.javafx.scene.control.skin.ContextMenuContent$MenuItemContainer.doSelect(ContextMenuContent.java:1199)
	at com.sun.javafx.scene.control.skin.ContextMenuContent$MenuItemContainer$6.handle(ContextMenuContent.java:1148)
	at com.sun.javafx.scene.control.skin.ContextMenuContent$MenuItemContainer$6.handle(ContextMenuContent.java:1146)
	at com.sun.javafx.event.CompositeEventHandler.dispatchBubblingEvent(CompositeEventHandler.java:69)
	at com.sun.javafx.event.EventHandlerManager.dispatchBubblingEvent(EventHandlerManager.java:217)
	at com.sun.javafx.event.EventHandlerManager.dispatchBubblingEvent(EventHandlerManager.java:170)
	at com.sun.javafx.event.CompositeEventDispatcher.dispatchBubblingEvent(CompositeEventDispatcher.java:38)
	at com.sun.javafx.event.BasicEventDispatcher.dispatchEvent(BasicEventDispatcher.java:37)
	at com.sun.javafx.event.EventDispatchChainImpl.dispatchEvent(EventDispatchChainImpl.java:92)
	at com.sun.javafx.event.BasicEventDispatcher.dispatchEvent(BasicEventDispatcher.java:35)
	at com.sun.javafx.event.EventDispatchChainImpl.dispatchEvent(EventDispatchChainImpl.java:92)
	at com.sun.javafx.event.BasicEventDispatcher.dispatchEvent(BasicEventDispatcher.java:35)
	at com.sun.javafx.event.EventDispatchChainImpl.dispatchEvent(EventDispatchChainImpl.java:92)
	at com.sun.javafx.event.EventUtil.fireEventImpl(EventUtil.java:53)
	at com.sun.javafx.event.EventUtil.fireEvent(EventUtil.java:33)
	at javafx.event.Event.fireEvent(Event.java:171)
	at javafx.scene.Scene$MouseHandler.process(Scene.java:3311)
	at javafx.scene.Scene$MouseHandler.process(Scene.java:3151)
	at javafx.scene.Scene$MouseHandler.access$1900(Scene.java:3106)
	at javafx.scene.Scene.impl_processMouseEvent(Scene.java:1563)
	at javafx.scene.Scene$ScenePeerListener.mouseEvent(Scene.java:2248)
	at com.sun.javafx.tk.quantum.GlassViewEventHandler$MouseEventNotification.run(GlassViewEventHandler.java:250)
	at com.sun.javafx.tk.quantum.GlassViewEventHandler$MouseEventNotification.run(GlassViewEventHandler.java:173)
	at java.security.AccessController.doPrivileged(Native Method)
	at com.sun.javafx.tk.quantum.GlassViewEventHandler.handleMouseEvent(GlassViewEventHandler.java:292)
	at com.sun.glass.ui.View.handleMouseEvent(View.java:530)
	at com.sun.glass.ui.View.notifyMouse(View.java:924)
	at com.sun.glass.ui.win.WinApplication._runLoop(Native Method)
	at com.sun.glass.ui.win.WinApplication.access$100(WinApplication.java:17)
	at com.sun.glass.ui.win.WinApplication$3$1.run(WinApplication.java:67)
	at java.lang.Thread.run(Thread.java:744)
Caused by: org.hibernate.QueryException: unexpected char: ';' [SET SQL_SAFE_UPDATES=0;DELETE FROM snu.entidades.missa.Missa m WHERE m.dataAcontecimento < :dataAcontecimento;SET SQL_SAFE_UPDATES=1;]
	at org.hibernate.hql.ast.QueryTranslatorImpl.doCompile(QueryTranslatorImpl.java:231)
	at org.hibernate.hql.ast.QueryTranslatorImpl.compile(QueryTranslatorImpl.java:138)
	at org.hibernate.engine.query.HQLQueryPlan.<init>(HQLQueryPlan.java:101)
	at org.hibernate.engine.query.HQLQueryPlan.<init>(HQLQueryPlan.java:80)
	at org.hibernate.engine.query.QueryPlanCache.getHQLQueryPlan(QueryPlanCache.java:124)
	at org.hibernate.impl.AbstractSessionImpl.getHQLQueryPlan(AbstractSessionImpl.java:156)
	at org.hibernate.impl.AbstractSessionImpl.createQuery(AbstractSessionImpl.java:135)
	at org.hibernate.impl.SessionImpl.createQuery(SessionImpl.java:1770)
	at org.hibernate.ejb.AbstractEntityManagerImpl.createQuery(AbstractEntityManagerImpl.java:277)
	... 113 more
2014-03-16 12:31  INFO [JavaFX Application Thread] (SNU.java:50) - Iniciando a aplicação
2014-03-16 12:33 ERROR [JavaFX Application Thread] (LimparDadosMissasController.java:111) - Erro ao deletar Missas do banco
java.lang.IllegalArgumentException: node to traverse cannot be null!
	at org.hibernate.hql.ast.util.NodeTraverser.traverseDepthFirst(NodeTraverser.java:63)
	at org.hibernate.hql.ast.QueryTranslatorImpl.parse(QueryTranslatorImpl.java:282)
	at org.hibernate.hql.ast.QueryTranslatorImpl.doCompile(QueryTranslatorImpl.java:184)
	at org.hibernate.hql.ast.QueryTranslatorImpl.compile(QueryTranslatorImpl.java:138)
	at org.hibernate.engine.query.HQLQueryPlan.<init>(HQLQueryPlan.java:101)
	at org.hibernate.engine.query.HQLQueryPlan.<init>(HQLQueryPlan.java:80)
	at org.hibernate.engine.query.QueryPlanCache.getHQLQueryPlan(QueryPlanCache.java:124)
	at org.hibernate.impl.AbstractSessionImpl.getHQLQueryPlan(AbstractSessionImpl.java:156)
	at org.hibernate.impl.AbstractSessionImpl.createQuery(AbstractSessionImpl.java:135)
	at org.hibernate.impl.SessionImpl.createQuery(SessionImpl.java:1770)
	at org.hibernate.ejb.AbstractEntityManagerImpl.createQuery(AbstractEntityManagerImpl.java:277)
	at snu.controladores.MissaJpaController.destroyMissaBeforeDate(MissaJpaController.java:235)
	at snu.fronteiras.controladores.missa.LimparDadosMissasController.onActionFromBtnOk(LimparDadosMissasController.java:99)
	at sun.reflect.NativeMethodAccessorImpl.invoke0(Native Method)
	at sun.reflect.NativeMethodAccessorImpl.invoke(NativeMethodAccessorImpl.java:57)
	at sun.reflect.DelegatingMethodAccessorImpl.invoke(DelegatingMethodAccessorImpl.java:43)
	at java.lang.reflect.Method.invoke(Method.java:606)
	at sun.reflect.misc.Trampoline.invoke(MethodUtil.java:75)
	at sun.reflect.GeneratedMethodAccessor1.invoke(Unknown Source)
	at sun.reflect.DelegatingMethodAccessorImpl.invoke(DelegatingMethodAccessorImpl.java:43)
	at java.lang.reflect.Method.invoke(Method.java:606)
	at sun.reflect.misc.MethodUtil.invoke(MethodUtil.java:279)
	at javafx.fxml.FXMLLoader$ControllerMethodEventHandler.handle(FXMLLoader.java:1444)
	at com.sun.javafx.event.CompositeEventHandler.dispatchBubblingEvent(CompositeEventHandler.java:69)
	at com.sun.javafx.event.EventHandlerManager.dispatchBubblingEvent(EventHandlerManager.java:217)
	at com.sun.javafx.event.EventHandlerManager.dispatchBubblingEvent(EventHandlerManager.java:170)
	at com.sun.javafx.event.CompositeEventDispatcher.dispatchBubblingEvent(CompositeEventDispatcher.java:38)
	at com.sun.javafx.event.BasicEventDispatcher.dispatchEvent(BasicEventDispatcher.java:37)
	at com.sun.javafx.event.EventDispatchChainImpl.dispatchEvent(EventDispatchChainImpl.java:92)
	at com.sun.javafx.event.BasicEventDispatcher.dispatchEvent(BasicEventDispatcher.java:35)
	at com.sun.javafx.event.EventDispatchChainImpl.dispatchEvent(EventDispatchChainImpl.java:92)
	at com.sun.javafx.event.BasicEventDispatcher.dispatchEvent(BasicEventDispatcher.java:35)
	at com.sun.javafx.event.EventDispatchChainImpl.dispatchEvent(EventDispatchChainImpl.java:92)
	at com.sun.javafx.event.EventUtil.fireEventImpl(EventUtil.java:53)
	at com.sun.javafx.event.EventUtil.fireEvent(EventUtil.java:28)
	at javafx.event.Event.fireEvent(Event.java:171)
	at javafx.scene.Node.fireEvent(Node.java:6867)
	at javafx.scene.control.Button.fire(Button.java:179)
	at com.sun.javafx.scene.control.behavior.ButtonBehavior.mouseReleased(ButtonBehavior.java:193)
	at com.sun.javafx.scene.control.skin.SkinBase$4.handle(SkinBase.java:336)
	at com.sun.javafx.scene.control.skin.SkinBase$4.handle(SkinBase.java:329)
	at com.sun.javafx.event.CompositeEventHandler.dispatchBubblingEvent(CompositeEventHandler.java:64)
	at com.sun.javafx.event.EventHandlerManager.dispatchBubblingEvent(EventHandlerManager.java:217)
	at com.sun.javafx.event.EventHandlerManager.dispatchBubblingEvent(EventHandlerManager.java:170)
	at com.sun.javafx.event.CompositeEventDispatcher.dispatchBubblingEvent(CompositeEventDispatcher.java:38)
	at com.sun.javafx.event.BasicEventDispatcher.dispatchEvent(BasicEventDispatcher.java:37)
	at com.sun.javafx.event.EventDispatchChainImpl.dispatchEvent(EventDispatchChainImpl.java:92)
	at com.sun.javafx.event.BasicEventDispatcher.dispatchEvent(BasicEventDispatcher.java:35)
	at com.sun.javafx.event.EventDispatchChainImpl.dispatchEvent(EventDispatchChainImpl.java:92)
	at com.sun.javafx.event.BasicEventDispatcher.dispatchEvent(BasicEventDispatcher.java:35)
	at com.sun.javafx.event.EventDispatchChainImpl.dispatchEvent(EventDispatchChainImpl.java:92)
	at com.sun.javafx.event.BasicEventDispatcher.dispatchEvent(BasicEventDispatcher.java:35)
	at com.sun.javafx.event.EventDispatchChainImpl.dispatchEvent(EventDispatchChainImpl.java:92)
	at com.sun.javafx.event.EventUtil.fireEventImpl(EventUtil.java:53)
	at com.sun.javafx.event.EventUtil.fireEvent(EventUtil.java:28)
	at javafx.event.Event.fireEvent(Event.java:171)
	at javafx.scene.Scene$MouseHandler.process(Scene.java:3311)
	at javafx.scene.Scene$MouseHandler.process(Scene.java:3151)
	at javafx.scene.Scene$MouseHandler.access$1900(Scene.java:3106)
	at javafx.scene.Scene.impl_processMouseEvent(Scene.java:1563)
	at javafx.scene.Scene$ScenePeerListener.mouseEvent(Scene.java:2248)
	at com.sun.javafx.tk.quantum.GlassViewEventHandler$MouseEventNotification.run(GlassViewEventHandler.java:250)
	at com.sun.javafx.tk.quantum.GlassViewEventHandler$MouseEventNotification.run(GlassViewEventHandler.java:173)
	at java.security.AccessController.doPrivileged(Native Method)
	at com.sun.javafx.tk.quantum.GlassViewEventHandler.handleMouseEvent(GlassViewEventHandler.java:292)
	at com.sun.glass.ui.View.handleMouseEvent(View.java:530)
	at com.sun.glass.ui.View.notifyMouse(View.java:924)
	at com.sun.glass.ui.win.WinApplication._enterNestedEventLoopImpl(Native Method)
	at com.sun.glass.ui.win.WinApplication._enterNestedEventLoop(WinApplication.java:96)
	at com.sun.glass.ui.Application.enterNestedEventLoop(Application.java:384)
	at com.sun.glass.ui.EventLoop.enter(EventLoop.java:83)
	at com.sun.javafx.tk.quantum.QuantumToolkit.enterNestedEventLoop(QuantumToolkit.java:523)
	at javafx.stage.Stage.showAndWait(Stage.java:397)
	at snu.fronteiras.controladores.FXMLDocumentController.onActionFromItemLimparDadosMissa(FXMLDocumentController.java:436)
	at sun.reflect.NativeMethodAccessorImpl.invoke0(Native Method)
	at sun.reflect.NativeMethodAccessorImpl.invoke(NativeMethodAccessorImpl.java:57)
	at sun.reflect.DelegatingMethodAccessorImpl.invoke(DelegatingMethodAccessorImpl.java:43)
	at java.lang.reflect.Method.invoke(Method.java:606)
	at sun.reflect.misc.Trampoline.invoke(MethodUtil.java:75)
	at sun.reflect.GeneratedMethodAccessor1.invoke(Unknown Source)
	at sun.reflect.DelegatingMethodAccessorImpl.invoke(DelegatingMethodAccessorImpl.java:43)
	at java.lang.reflect.Method.invoke(Method.java:606)
	at sun.reflect.misc.MethodUtil.invoke(MethodUtil.java:279)
	at javafx.fxml.FXMLLoader$ControllerMethodEventHandler.handle(FXMLLoader.java:1444)
	at com.sun.javafx.event.CompositeEventHandler.dispatchBubblingEvent(CompositeEventHandler.java:69)
	at com.sun.javafx.event.EventHandlerManager.dispatchBubblingEvent(EventHandlerManager.java:217)
	at com.sun.javafx.event.EventHandlerManager.dispatchBubblingEvent(EventHandlerManager.java:170)
	at com.sun.javafx.event.BasicEventDispatcher.dispatchEvent(BasicEventDispatcher.java:37)
	at com.sun.javafx.event.EventDispatchChainImpl.dispatchEvent(EventDispatchChainImpl.java:92)
	at com.sun.javafx.event.EventUtil.fireEventImpl(EventUtil.java:53)
	at com.sun.javafx.event.EventUtil.fireEvent(EventUtil.java:28)
	at javafx.event.Event.fireEvent(Event.java:171)
	at javafx.scene.control.MenuItem.fire(MenuItem.java:456)
	at com.sun.javafx.scene.control.skin.ContextMenuContent$MenuItemContainer.doSelect(ContextMenuContent.java:1199)
	at com.sun.javafx.scene.control.skin.ContextMenuContent$MenuItemContainer$6.handle(ContextMenuContent.java:1148)
	at com.sun.javafx.scene.control.skin.ContextMenuContent$MenuItemContainer$6.handle(ContextMenuContent.java:1146)
	at com.sun.javafx.event.CompositeEventHandler.dispatchBubblingEvent(CompositeEventHandler.java:69)
	at com.sun.javafx.event.EventHandlerManager.dispatchBubblingEvent(EventHandlerManager.java:217)
	at com.sun.javafx.event.EventHandlerManager.dispatchBubblingEvent(EventHandlerManager.java:170)
	at com.sun.javafx.event.CompositeEventDispatcher.dispatchBubblingEvent(CompositeEventDispatcher.java:38)
	at com.sun.javafx.event.BasicEventDispatcher.dispatchEvent(BasicEventDispatcher.java:37)
	at com.sun.javafx.event.EventDispatchChainImpl.dispatchEvent(EventDispatchChainImpl.java:92)
	at com.sun.javafx.event.BasicEventDispatcher.dispatchEvent(BasicEventDispatcher.java:35)
	at com.sun.javafx.event.EventDispatchChainImpl.dispatchEvent(EventDispatchChainImpl.java:92)
	at com.sun.javafx.event.BasicEventDispatcher.dispatchEvent(BasicEventDispatcher.java:35)
	at com.sun.javafx.event.EventDispatchChainImpl.dispatchEvent(EventDispatchChainImpl.java:92)
	at com.sun.javafx.event.EventUtil.fireEventImpl(EventUtil.java:53)
	at com.sun.javafx.event.EventUtil.fireEvent(EventUtil.java:33)
	at javafx.event.Event.fireEvent(Event.java:171)
	at javafx.scene.Scene$MouseHandler.process(Scene.java:3311)
	at javafx.scene.Scene$MouseHandler.process(Scene.java:3151)
	at javafx.scene.Scene$MouseHandler.access$1900(Scene.java:3106)
	at javafx.scene.Scene.impl_processMouseEvent(Scene.java:1563)
	at javafx.scene.Scene$ScenePeerListener.mouseEvent(Scene.java:2248)
	at com.sun.javafx.tk.quantum.GlassViewEventHandler$MouseEventNotification.run(GlassViewEventHandler.java:250)
	at com.sun.javafx.tk.quantum.GlassViewEventHandler$MouseEventNotification.run(GlassViewEventHandler.java:173)
	at java.security.AccessController.doPrivileged(Native Method)
	at com.sun.javafx.tk.quantum.GlassViewEventHandler.handleMouseEvent(GlassViewEventHandler.java:292)
	at com.sun.glass.ui.View.handleMouseEvent(View.java:530)
	at com.sun.glass.ui.View.notifyMouse(View.java:924)
	at com.sun.glass.ui.win.WinApplication._runLoop(Native Method)
	at com.sun.glass.ui.win.WinApplication.access$100(WinApplication.java:17)
	at com.sun.glass.ui.win.WinApplication$3$1.run(WinApplication.java:67)
	at java.lang.Thread.run(Thread.java:744)
2014-03-16 12:34  INFO [JavaFX Application Thread] (SNU.java:50) - Iniciando a aplicação
2014-03-16 12:34 ERROR [JavaFX Application Thread] (LimparDadosMissasController.java:111) - Erro ao deletar Missas do banco
java.lang.IllegalArgumentException: node to traverse cannot be null!
	at org.hibernate.hql.ast.util.NodeTraverser.traverseDepthFirst(NodeTraverser.java:63)
	at org.hibernate.hql.ast.QueryTranslatorImpl.parse(QueryTranslatorImpl.java:282)
	at org.hibernate.hql.ast.QueryTranslatorImpl.doCompile(QueryTranslatorImpl.java:184)
	at org.hibernate.hql.ast.QueryTranslatorImpl.compile(QueryTranslatorImpl.java:138)
	at org.hibernate.engine.query.HQLQueryPlan.<init>(HQLQueryPlan.java:101)
	at org.hibernate.engine.query.HQLQueryPlan.<init>(HQLQueryPlan.java:80)
	at org.hibernate.engine.query.QueryPlanCache.getHQLQueryPlan(QueryPlanCache.java:124)
	at org.hibernate.impl.AbstractSessionImpl.getHQLQueryPlan(AbstractSessionImpl.java:156)
	at org.hibernate.impl.AbstractSessionImpl.createQuery(AbstractSessionImpl.java:135)
	at org.hibernate.impl.SessionImpl.createQuery(SessionImpl.java:1770)
	at org.hibernate.ejb.AbstractEntityManagerImpl.createQuery(AbstractEntityManagerImpl.java:277)
	at snu.controladores.MissaJpaController.destroyMissaBeforeDate(MissaJpaController.java:235)
	at snu.fronteiras.controladores.missa.LimparDadosMissasController.onActionFromBtnOk(LimparDadosMissasController.java:99)
	at sun.reflect.NativeMethodAccessorImpl.invoke0(Native Method)
	at sun.reflect.NativeMethodAccessorImpl.invoke(NativeMethodAccessorImpl.java:57)
	at sun.reflect.DelegatingMethodAccessorImpl.invoke(DelegatingMethodAccessorImpl.java:43)
	at java.lang.reflect.Method.invoke(Method.java:606)
	at sun.reflect.misc.Trampoline.invoke(MethodUtil.java:75)
	at sun.reflect.GeneratedMethodAccessor1.invoke(Unknown Source)
	at sun.reflect.DelegatingMethodAccessorImpl.invoke(DelegatingMethodAccessorImpl.java:43)
	at java.lang.reflect.Method.invoke(Method.java:606)
	at sun.reflect.misc.MethodUtil.invoke(MethodUtil.java:279)
	at javafx.fxml.FXMLLoader$ControllerMethodEventHandler.handle(FXMLLoader.java:1444)
	at com.sun.javafx.event.CompositeEventHandler.dispatchBubblingEvent(CompositeEventHandler.java:69)
	at com.sun.javafx.event.EventHandlerManager.dispatchBubblingEvent(EventHandlerManager.java:217)
	at com.sun.javafx.event.EventHandlerManager.dispatchBubblingEvent(EventHandlerManager.java:170)
	at com.sun.javafx.event.CompositeEventDispatcher.dispatchBubblingEvent(CompositeEventDispatcher.java:38)
	at com.sun.javafx.event.BasicEventDispatcher.dispatchEvent(BasicEventDispatcher.java:37)
	at com.sun.javafx.event.EventDispatchChainImpl.dispatchEvent(EventDispatchChainImpl.java:92)
	at com.sun.javafx.event.BasicEventDispatcher.dispatchEvent(BasicEventDispatcher.java:35)
	at com.sun.javafx.event.EventDispatchChainImpl.dispatchEvent(EventDispatchChainImpl.java:92)
	at com.sun.javafx.event.BasicEventDispatcher.dispatchEvent(BasicEventDispatcher.java:35)
	at com.sun.javafx.event.EventDispatchChainImpl.dispatchEvent(EventDispatchChainImpl.java:92)
	at com.sun.javafx.event.EventUtil.fireEventImpl(EventUtil.java:53)
	at com.sun.javafx.event.EventUtil.fireEvent(EventUtil.java:28)
	at javafx.event.Event.fireEvent(Event.java:171)
	at javafx.scene.Node.fireEvent(Node.java:6867)
	at javafx.scene.control.Button.fire(Button.java:179)
	at com.sun.javafx.scene.control.behavior.ButtonBehavior.mouseReleased(ButtonBehavior.java:193)
	at com.sun.javafx.scene.control.skin.SkinBase$4.handle(SkinBase.java:336)
	at com.sun.javafx.scene.control.skin.SkinBase$4.handle(SkinBase.java:329)
	at com.sun.javafx.event.CompositeEventHandler.dispatchBubblingEvent(CompositeEventHandler.java:64)
	at com.sun.javafx.event.EventHandlerManager.dispatchBubblingEvent(EventHandlerManager.java:217)
	at com.sun.javafx.event.EventHandlerManager.dispatchBubblingEvent(EventHandlerManager.java:170)
	at com.sun.javafx.event.CompositeEventDispatcher.dispatchBubblingEvent(CompositeEventDispatcher.java:38)
	at com.sun.javafx.event.BasicEventDispatcher.dispatchEvent(BasicEventDispatcher.java:37)
	at com.sun.javafx.event.EventDispatchChainImpl.dispatchEvent(EventDispatchChainImpl.java:92)
	at com.sun.javafx.event.BasicEventDispatcher.dispatchEvent(BasicEventDispatcher.java:35)
	at com.sun.javafx.event.EventDispatchChainImpl.dispatchEvent(EventDispatchChainImpl.java:92)
	at com.sun.javafx.event.BasicEventDispatcher.dispatchEvent(BasicEventDispatcher.java:35)
	at com.sun.javafx.event.EventDispatchChainImpl.dispatchEvent(EventDispatchChainImpl.java:92)
	at com.sun.javafx.event.BasicEventDispatcher.dispatchEvent(BasicEventDispatcher.java:35)
	at com.sun.javafx.event.EventDispatchChainImpl.dispatchEvent(EventDispatchChainImpl.java:92)
	at com.sun.javafx.event.EventUtil.fireEventImpl(EventUtil.java:53)
	at com.sun.javafx.event.EventUtil.fireEvent(EventUtil.java:28)
	at javafx.event.Event.fireEvent(Event.java:171)
	at javafx.scene.Scene$MouseHandler.process(Scene.java:3311)
	at javafx.scene.Scene$MouseHandler.process(Scene.java:3151)
	at javafx.scene.Scene$MouseHandler.access$1900(Scene.java:3106)
	at javafx.scene.Scene.impl_processMouseEvent(Scene.java:1563)
	at javafx.scene.Scene$ScenePeerListener.mouseEvent(Scene.java:2248)
	at com.sun.javafx.tk.quantum.GlassViewEventHandler$MouseEventNotification.run(GlassViewEventHandler.java:250)
	at com.sun.javafx.tk.quantum.GlassViewEventHandler$MouseEventNotification.run(GlassViewEventHandler.java:173)
	at java.security.AccessController.doPrivileged(Native Method)
	at com.sun.javafx.tk.quantum.GlassViewEventHandler.handleMouseEvent(GlassViewEventHandler.java:292)
	at com.sun.glass.ui.View.handleMouseEvent(View.java:530)
	at com.sun.glass.ui.View.notifyMouse(View.java:924)
	at com.sun.glass.ui.win.WinApplication._enterNestedEventLoopImpl(Native Method)
	at com.sun.glass.ui.win.WinApplication._enterNestedEventLoop(WinApplication.java:96)
	at com.sun.glass.ui.Application.enterNestedEventLoop(Application.java:384)
	at com.sun.glass.ui.EventLoop.enter(EventLoop.java:83)
	at com.sun.javafx.tk.quantum.QuantumToolkit.enterNestedEventLoop(QuantumToolkit.java:523)
	at javafx.stage.Stage.showAndWait(Stage.java:397)
	at snu.fronteiras.controladores.FXMLDocumentController.onActionFromItemLimparDadosMissa(FXMLDocumentController.java:436)
	at sun.reflect.NativeMethodAccessorImpl.invoke0(Native Method)
	at sun.reflect.NativeMethodAccessorImpl.invoke(NativeMethodAccessorImpl.java:57)
	at sun.reflect.DelegatingMethodAccessorImpl.invoke(DelegatingMethodAccessorImpl.java:43)
	at java.lang.reflect.Method.invoke(Method.java:606)
	at sun.reflect.misc.Trampoline.invoke(MethodUtil.java:75)
	at sun.reflect.GeneratedMethodAccessor1.invoke(Unknown Source)
	at sun.reflect.DelegatingMethodAccessorImpl.invoke(DelegatingMethodAccessorImpl.java:43)
	at java.lang.reflect.Method.invoke(Method.java:606)
	at sun.reflect.misc.MethodUtil.invoke(MethodUtil.java:279)
	at javafx.fxml.FXMLLoader$ControllerMethodEventHandler.handle(FXMLLoader.java:1444)
	at com.sun.javafx.event.CompositeEventHandler.dispatchBubblingEvent(CompositeEventHandler.java:69)
	at com.sun.javafx.event.EventHandlerManager.dispatchBubblingEvent(EventHandlerManager.java:217)
	at com.sun.javafx.event.EventHandlerManager.dispatchBubblingEvent(EventHandlerManager.java:170)
	at com.sun.javafx.event.BasicEventDispatcher.dispatchEvent(BasicEventDispatcher.java:37)
	at com.sun.javafx.event.EventDispatchChainImpl.dispatchEvent(EventDispatchChainImpl.java:92)
	at com.sun.javafx.event.EventUtil.fireEventImpl(EventUtil.java:53)
	at com.sun.javafx.event.EventUtil.fireEvent(EventUtil.java:28)
	at javafx.event.Event.fireEvent(Event.java:171)
	at javafx.scene.control.MenuItem.fire(MenuItem.java:456)
	at com.sun.javafx.scene.control.skin.ContextMenuContent$MenuItemContainer.doSelect(ContextMenuContent.java:1199)
	at com.sun.javafx.scene.control.skin.ContextMenuContent$MenuItemContainer$6.handle(ContextMenuContent.java:1148)
	at com.sun.javafx.scene.control.skin.ContextMenuContent$MenuItemContainer$6.handle(ContextMenuContent.java:1146)
	at com.sun.javafx.event.CompositeEventHandler.dispatchBubblingEvent(CompositeEventHandler.java:69)
	at com.sun.javafx.event.EventHandlerManager.dispatchBubblingEvent(EventHandlerManager.java:217)
	at com.sun.javafx.event.EventHandlerManager.dispatchBubblingEvent(EventHandlerManager.java:170)
	at com.sun.javafx.event.CompositeEventDispatcher.dispatchBubblingEvent(CompositeEventDispatcher.java:38)
	at com.sun.javafx.event.BasicEventDispatcher.dispatchEvent(BasicEventDispatcher.java:37)
	at com.sun.javafx.event.EventDispatchChainImpl.dispatchEvent(EventDispatchChainImpl.java:92)
	at com.sun.javafx.event.BasicEventDispatcher.dispatchEvent(BasicEventDispatcher.java:35)
	at com.sun.javafx.event.EventDispatchChainImpl.dispatchEvent(EventDispatchChainImpl.java:92)
	at com.sun.javafx.event.BasicEventDispatcher.dispatchEvent(BasicEventDispatcher.java:35)
	at com.sun.javafx.event.EventDispatchChainImpl.dispatchEvent(EventDispatchChainImpl.java:92)
	at com.sun.javafx.event.EventUtil.fireEventImpl(EventUtil.java:53)
	at com.sun.javafx.event.EventUtil.fireEvent(EventUtil.java:33)
	at javafx.event.Event.fireEvent(Event.java:171)
	at javafx.scene.Scene$MouseHandler.process(Scene.java:3311)
	at javafx.scene.Scene$MouseHandler.process(Scene.java:3151)
	at javafx.scene.Scene$MouseHandler.access$1900(Scene.java:3106)
	at javafx.scene.Scene.impl_processMouseEvent(Scene.java:1563)
	at javafx.scene.Scene$ScenePeerListener.mouseEvent(Scene.java:2248)
	at com.sun.javafx.tk.quantum.GlassViewEventHandler$MouseEventNotification.run(GlassViewEventHandler.java:250)
	at com.sun.javafx.tk.quantum.GlassViewEventHandler$MouseEventNotification.run(GlassViewEventHandler.java:173)
	at java.security.AccessController.doPrivileged(Native Method)
	at com.sun.javafx.tk.quantum.GlassViewEventHandler.handleMouseEvent(GlassViewEventHandler.java:292)
	at com.sun.glass.ui.View.handleMouseEvent(View.java:530)
	at com.sun.glass.ui.View.notifyMouse(View.java:924)
	at com.sun.glass.ui.win.WinApplication._runLoop(Native Method)
	at com.sun.glass.ui.win.WinApplication.access$100(WinApplication.java:17)
	at com.sun.glass.ui.win.WinApplication$3$1.run(WinApplication.java:67)
	at java.lang.Thread.run(Thread.java:744)
2014-03-16 12:39  INFO [JavaFX Application Thread] (SNU.java:50) - Iniciando a aplicação
2014-03-16 12:39 ERROR [JavaFX Application Thread] (LimparDadosMissasController.java:111) - Erro ao deletar Missas do banco
javax.persistence.RollbackException: Transaction marked as rollbackOnly
	at org.hibernate.ejb.TransactionImpl.commit(TransactionImpl.java:73)
	at snu.controladores.MissaJpaController.destroyMissaBeforeDate(MissaJpaController.java:242)
	at snu.fronteiras.controladores.missa.LimparDadosMissasController.onActionFromBtnOk(LimparDadosMissasController.java:99)
	at sun.reflect.NativeMethodAccessorImpl.invoke0(Native Method)
	at sun.reflect.NativeMethodAccessorImpl.invoke(NativeMethodAccessorImpl.java:57)
	at sun.reflect.DelegatingMethodAccessorImpl.invoke(DelegatingMethodAccessorImpl.java:43)
	at java.lang.reflect.Method.invoke(Method.java:606)
	at sun.reflect.misc.Trampoline.invoke(MethodUtil.java:75)
	at sun.reflect.GeneratedMethodAccessor1.invoke(Unknown Source)
	at sun.reflect.DelegatingMethodAccessorImpl.invoke(DelegatingMethodAccessorImpl.java:43)
	at java.lang.reflect.Method.invoke(Method.java:606)
	at sun.reflect.misc.MethodUtil.invoke(MethodUtil.java:279)
	at javafx.fxml.FXMLLoader$ControllerMethodEventHandler.handle(FXMLLoader.java:1444)
	at com.sun.javafx.event.CompositeEventHandler.dispatchBubblingEvent(CompositeEventHandler.java:69)
	at com.sun.javafx.event.EventHandlerManager.dispatchBubblingEvent(EventHandlerManager.java:217)
	at com.sun.javafx.event.EventHandlerManager.dispatchBubblingEvent(EventHandlerManager.java:170)
	at com.sun.javafx.event.CompositeEventDispatcher.dispatchBubblingEvent(CompositeEventDispatcher.java:38)
	at com.sun.javafx.event.BasicEventDispatcher.dispatchEvent(BasicEventDispatcher.java:37)
	at com.sun.javafx.event.EventDispatchChainImpl.dispatchEvent(EventDispatchChainImpl.java:92)
	at com.sun.javafx.event.BasicEventDispatcher.dispatchEvent(BasicEventDispatcher.java:35)
	at com.sun.javafx.event.EventDispatchChainImpl.dispatchEvent(EventDispatchChainImpl.java:92)
	at com.sun.javafx.event.BasicEventDispatcher.dispatchEvent(BasicEventDispatcher.java:35)
	at com.sun.javafx.event.EventDispatchChainImpl.dispatchEvent(EventDispatchChainImpl.java:92)
	at com.sun.javafx.event.EventUtil.fireEventImpl(EventUtil.java:53)
	at com.sun.javafx.event.EventUtil.fireEvent(EventUtil.java:28)
	at javafx.event.Event.fireEvent(Event.java:171)
	at javafx.scene.Node.fireEvent(Node.java:6867)
	at javafx.scene.control.Button.fire(Button.java:179)
	at com.sun.javafx.scene.control.behavior.ButtonBehavior.mouseReleased(ButtonBehavior.java:193)
	at com.sun.javafx.scene.control.skin.SkinBase$4.handle(SkinBase.java:336)
	at com.sun.javafx.scene.control.skin.SkinBase$4.handle(SkinBase.java:329)
	at com.sun.javafx.event.CompositeEventHandler.dispatchBubblingEvent(CompositeEventHandler.java:64)
	at com.sun.javafx.event.EventHandlerManager.dispatchBubblingEvent(EventHandlerManager.java:217)
	at com.sun.javafx.event.EventHandlerManager.dispatchBubblingEvent(EventHandlerManager.java:170)
	at com.sun.javafx.event.CompositeEventDispatcher.dispatchBubblingEvent(CompositeEventDispatcher.java:38)
	at com.sun.javafx.event.BasicEventDispatcher.dispatchEvent(BasicEventDispatcher.java:37)
	at com.sun.javafx.event.EventDispatchChainImpl.dispatchEvent(EventDispatchChainImpl.java:92)
	at com.sun.javafx.event.BasicEventDispatcher.dispatchEvent(BasicEventDispatcher.java:35)
	at com.sun.javafx.event.EventDispatchChainImpl.dispatchEvent(EventDispatchChainImpl.java:92)
	at com.sun.javafx.event.BasicEventDispatcher.dispatchEvent(BasicEventDispatcher.java:35)
	at com.sun.javafx.event.EventDispatchChainImpl.dispatchEvent(EventDispatchChainImpl.java:92)
	at com.sun.javafx.event.BasicEventDispatcher.dispatchEvent(BasicEventDispatcher.java:35)
	at com.sun.javafx.event.EventDispatchChainImpl.dispatchEvent(EventDispatchChainImpl.java:92)
	at com.sun.javafx.event.EventUtil.fireEventImpl(EventUtil.java:53)
	at com.sun.javafx.event.EventUtil.fireEvent(EventUtil.java:28)
	at javafx.event.Event.fireEvent(Event.java:171)
	at javafx.scene.Scene$MouseHandler.process(Scene.java:3311)
	at javafx.scene.Scene$MouseHandler.process(Scene.java:3151)
	at javafx.scene.Scene$MouseHandler.access$1900(Scene.java:3106)
	at javafx.scene.Scene.impl_processMouseEvent(Scene.java:1563)
	at javafx.scene.Scene$ScenePeerListener.mouseEvent(Scene.java:2248)
	at com.sun.javafx.tk.quantum.GlassViewEventHandler$MouseEventNotification.run(GlassViewEventHandler.java:250)
	at com.sun.javafx.tk.quantum.GlassViewEventHandler$MouseEventNotification.run(GlassViewEventHandler.java:173)
	at java.security.AccessController.doPrivileged(Native Method)
	at com.sun.javafx.tk.quantum.GlassViewEventHandler.handleMouseEvent(GlassViewEventHandler.java:292)
	at com.sun.glass.ui.View.handleMouseEvent(View.java:530)
	at com.sun.glass.ui.View.notifyMouse(View.java:924)
	at com.sun.glass.ui.win.WinApplication._enterNestedEventLoopImpl(Native Method)
	at com.sun.glass.ui.win.WinApplication._enterNestedEventLoop(WinApplication.java:96)
	at com.sun.glass.ui.Application.enterNestedEventLoop(Application.java:384)
	at com.sun.glass.ui.EventLoop.enter(EventLoop.java:83)
	at com.sun.javafx.tk.quantum.QuantumToolkit.enterNestedEventLoop(QuantumToolkit.java:523)
	at javafx.stage.Stage.showAndWait(Stage.java:397)
	at snu.fronteiras.controladores.FXMLDocumentController.onActionFromItemLimparDadosMissa(FXMLDocumentController.java:436)
	at sun.reflect.NativeMethodAccessorImpl.invoke0(Native Method)
	at sun.reflect.NativeMethodAccessorImpl.invoke(NativeMethodAccessorImpl.java:57)
	at sun.reflect.DelegatingMethodAccessorImpl.invoke(DelegatingMethodAccessorImpl.java:43)
	at java.lang.reflect.Method.invoke(Method.java:606)
	at sun.reflect.misc.Trampoline.invoke(MethodUtil.java:75)
	at sun.reflect.GeneratedMethodAccessor1.invoke(Unknown Source)
	at sun.reflect.DelegatingMethodAccessorImpl.invoke(DelegatingMethodAccessorImpl.java:43)
	at java.lang.reflect.Method.invoke(Method.java:606)
	at sun.reflect.misc.MethodUtil.invoke(MethodUtil.java:279)
	at javafx.fxml.FXMLLoader$ControllerMethodEventHandler.handle(FXMLLoader.java:1444)
	at com.sun.javafx.event.CompositeEventHandler.dispatchBubblingEvent(CompositeEventHandler.java:69)
	at com.sun.javafx.event.EventHandlerManager.dispatchBubblingEvent(EventHandlerManager.java:217)
	at com.sun.javafx.event.EventHandlerManager.dispatchBubblingEvent(EventHandlerManager.java:170)
	at com.sun.javafx.event.BasicEventDispatcher.dispatchEvent(BasicEventDispatcher.java:37)
	at com.sun.javafx.event.EventDispatchChainImpl.dispatchEvent(EventDispatchChainImpl.java:92)
	at com.sun.javafx.event.EventUtil.fireEventImpl(EventUtil.java:53)
	at com.sun.javafx.event.EventUtil.fireEvent(EventUtil.java:28)
	at javafx.event.Event.fireEvent(Event.java:171)
	at javafx.scene.control.MenuItem.fire(MenuItem.java:456)
	at com.sun.javafx.scene.control.skin.ContextMenuContent$MenuItemContainer.doSelect(ContextMenuContent.java:1199)
	at com.sun.javafx.scene.control.skin.ContextMenuContent$MenuItemContainer$6.handle(ContextMenuContent.java:1148)
	at com.sun.javafx.scene.control.skin.ContextMenuContent$MenuItemContainer$6.handle(ContextMenuContent.java:1146)
	at com.sun.javafx.event.CompositeEventHandler.dispatchBubblingEvent(CompositeEventHandler.java:69)
	at com.sun.javafx.event.EventHandlerManager.dispatchBubblingEvent(EventHandlerManager.java:217)
	at com.sun.javafx.event.EventHandlerManager.dispatchBubblingEvent(EventHandlerManager.java:170)
	at com.sun.javafx.event.CompositeEventDispatcher.dispatchBubblingEvent(CompositeEventDispatcher.java:38)
	at com.sun.javafx.event.BasicEventDispatcher.dispatchEvent(BasicEventDispatcher.java:37)
	at com.sun.javafx.event.EventDispatchChainImpl.dispatchEvent(EventDispatchChainImpl.java:92)
	at com.sun.javafx.event.BasicEventDispatcher.dispatchEvent(BasicEventDispatcher.java:35)
	at com.sun.javafx.event.EventDispatchChainImpl.dispatchEvent(EventDispatchChainImpl.java:92)
	at com.sun.javafx.event.BasicEventDispatcher.dispatchEvent(BasicEventDispatcher.java:35)
	at com.sun.javafx.event.EventDispatchChainImpl.dispatchEvent(EventDispatchChainImpl.java:92)
	at com.sun.javafx.event.EventUtil.fireEventImpl(EventUtil.java:53)
	at com.sun.javafx.event.EventUtil.fireEvent(EventUtil.java:33)
	at javafx.event.Event.fireEvent(Event.java:171)
	at javafx.scene.Scene$MouseHandler.process(Scene.java:3311)
	at javafx.scene.Scene$MouseHandler.process(Scene.java:3151)
	at javafx.scene.Scene$MouseHandler.access$1900(Scene.java:3106)
	at javafx.scene.Scene.impl_processMouseEvent(Scene.java:1563)
	at javafx.scene.Scene$ScenePeerListener.mouseEvent(Scene.java:2248)
	at com.sun.javafx.tk.quantum.GlassViewEventHandler$MouseEventNotification.run(GlassViewEventHandler.java:250)
	at com.sun.javafx.tk.quantum.GlassViewEventHandler$MouseEventNotification.run(GlassViewEventHandler.java:173)
	at java.security.AccessController.doPrivileged(Native Method)
	at com.sun.javafx.tk.quantum.GlassViewEventHandler.handleMouseEvent(GlassViewEventHandler.java:292)
	at com.sun.glass.ui.View.handleMouseEvent(View.java:530)
	at com.sun.glass.ui.View.notifyMouse(View.java:924)
	at com.sun.glass.ui.win.WinApplication._runLoop(Native Method)
	at com.sun.glass.ui.win.WinApplication.access$100(WinApplication.java:17)
	at com.sun.glass.ui.win.WinApplication$3$1.run(WinApplication.java:67)
	at java.lang.Thread.run(Thread.java:744)
2014-03-16 12:48  INFO [JavaFX Application Thread] (SNU.java:50) - Iniciando a aplicação
2014-03-16 12:54  INFO [JavaFX Application Thread] (SNU.java:50) - Iniciando a aplicação
2014-03-16 12:57  INFO [JavaFX Application Thread] (SNU.java:50) - Iniciando a aplicação
2014-03-16 13:00  INFO [JavaFX Application Thread] (SNU.java:50) - Iniciando a aplicação
2014-03-16 13:02 FATAL [JavaFX Application Thread] (LimparDadosMissasController.java:163) - Caiu em DEFAULT CASE
2014-03-16 13:02 ERROR [Thread-5] (LimparDadosMissasController.java:198) - Erro ao deletar Missas do banco
java.lang.IllegalStateException: Not on FX application thread; currentThread = Thread-5
	at com.sun.javafx.tk.Toolkit.checkFxUserThread(Toolkit.java:237)
	at com.sun.javafx.tk.quantum.QuantumToolkit.checkFxUserThread(QuantumToolkit.java:400)
	at javafx.stage.Stage.<init>(Stage.java:212)
	at javafx.scene.control.Dialogs$FXDialog.<init>(Dialogs.java:1143)
	at javafx.scene.control.Dialogs$FXDialog.<init>(Dialogs.java:1139)
	at javafx.scene.control.Dialogs$DialogTemplate.<init>(Dialogs.java:665)
	at javafx.scene.control.Dialogs.showSimpleContentDialog(Dialogs.java:542)
	at javafx.scene.control.Dialogs.showInformationDialog(Dialogs.java:267)
	at snu.fronteiras.controladores.missa.LimparDadosMissasController.excluirMissas(LimparDadosMissasController.java:187)
	at snu.fronteiras.controladores.missa.LimparDadosMissasController.access$000(LimparDadosMissasController.java:45)
	at snu.fronteiras.controladores.missa.LimparDadosMissasController$1.call(LimparDadosMissasController.java:132)
	at snu.fronteiras.controladores.missa.LimparDadosMissasController$1.call(LimparDadosMissasController.java:129)
	at javafx.concurrent.Task$TaskCallable.call(Task.java:1259)
	at java.util.concurrent.FutureTask.run(FutureTask.java:262)
	at java.lang.Thread.run(Thread.java:744)
2014-03-16 13:12  INFO [JavaFX Application Thread] (SNU.java:50) - Iniciando a aplicação
2014-03-16 13:13 FATAL [JavaFX Application Thread] (LimparDadosMissasController.java:164) - Caiu em DEFAULT CASE
2014-03-16 13:16  INFO [JavaFX Application Thread] (SNU.java:50) - Iniciando a aplicação
2014-03-16 13:18 FATAL [JavaFX Application Thread] (LimparDadosMissasController.java:164) - Caiu em DEFAULT CASE
2014-03-16 13:18 FATAL [JavaFX Application Thread] (LimparDadosMissasController.java:164) - Caiu em DEFAULT CASE
2014-03-16 13:18 FATAL [JavaFX Application Thread] (LimparDadosMissasController.java:164) - Caiu em DEFAULT CASE
2014-03-16 13:24  INFO [JavaFX Application Thread] (SNU.java:50) - Iniciando a aplicação
2014-03-16 13:25  INFO [JavaFX Application Thread] (SNU.java:50) - Iniciando a aplicação
2014-03-16 13:25 FATAL [JavaFX Application Thread] (CriarMusicaController.java:872) - Caiu em DEFAULT CASE
2014-03-16 13:43  INFO [JavaFX Application Thread] (SNU.java:50) - Iniciando a aplicação
2014-03-16 14:20  INFO [JavaFX Application Thread] (SNU.java:50) - Iniciando a aplicação
2014-03-16 14:23  INFO [JavaFX Application Thread] (SNU.java:54) - Iniciando a aplicação
2014-03-16 14:23  INFO [JavaFX Application Thread] (SNU.java:54) - Iniciando a aplicação
2014-03-16 14:26  INFO [JavaFX Application Thread] (SNU.java:54) - Iniciando a aplicação
2014-03-16 14:27 FATAL [JavaFX Application Thread] (GerarImpressaoMusicaController.java:294) - Caiu em DEFAULT CASE
2014-03-16 14:34  INFO [JavaFX Application Thread] (SNU.java:54) - Iniciando a aplicação
2014-03-16 14:34 FATAL [JavaFX Application Thread] (GerarImpressaoMusicaController.java:294) - Caiu em DEFAULT CASE
2014-03-16 14:34 ERROR [Thread-5] (GerarImpressaoMusicaController.java:352) - Erro ao gerar impressão de Música
net.sf.jasperreports.engine.JRException: Error trying to export to file : C:\Users\User\Desktop
	at net.sf.jasperreports.engine.export.JRPdfExporter.exportReport(JRPdfExporter.java:424)
	at net.sf.jasperreports.engine.JasperExportManager.exportToPdfFile(JasperExportManager.java:150)
	at net.sf.jasperreports.engine.JasperExportManager.exportReportToPdfFile(JasperExportManager.java:497)
	at snu.controladores.PDFController.gerarPDF(PDFController.java:38)
	at snu.fronteiras.controladores.musica.popups.GerarImpressaoMusicaController.gerarImpressao(GerarImpressaoMusicaController.java:348)
	at snu.fronteiras.controladores.musica.popups.GerarImpressaoMusicaController$2.call(GerarImpressaoMusicaController.java:259)
	at snu.fronteiras.controladores.musica.popups.GerarImpressaoMusicaController$2.call(GerarImpressaoMusicaController.java:256)
	at javafx.concurrent.Task$TaskCallable.call(Task.java:1259)
	at java.util.concurrent.FutureTask.run(FutureTask.java:262)
	at java.lang.Thread.run(Thread.java:744)
Caused by: java.io.FileNotFoundException: C:\Users\User\Desktop (Acesso negado)
	at java.io.FileOutputStream.open(Native Method)
	at java.io.FileOutputStream.<init>(FileOutputStream.java:221)
	at java.io.FileOutputStream.<init>(FileOutputStream.java:171)
	at net.sf.jasperreports.engine.export.JRPdfExporter.exportReport(JRPdfExporter.java:418)
	... 9 more
2014-03-16 14:37  INFO [JavaFX Application Thread] (SNU.java:54) - Iniciando a aplicação
2014-03-16 14:37 FATAL [JavaFX Application Thread] (GerarImpressaoMusicaController.java:294) - Caiu em DEFAULT CASE
2014-03-16 14:37 ERROR [Thread-5] (GerarImpressaoMusicaController.java:352) - Erro ao gerar impressão de Música
net.sf.jasperreports.engine.JRException: Error trying to export to file : C:\Users\User\Desktop\Campanha da Fraternidade 2014 - Tende Compaixão.pdf
	at net.sf.jasperreports.engine.export.JRPdfExporter.exportReport(JRPdfExporter.java:424)
	at net.sf.jasperreports.engine.JasperExportManager.exportToPdfFile(JasperExportManager.java:150)
	at net.sf.jasperreports.engine.JasperExportManager.exportReportToPdfFile(JasperExportManager.java:497)
	at snu.controladores.PDFController.gerarPDF(PDFController.java:38)
	at snu.fronteiras.controladores.musica.popups.GerarImpressaoMusicaController.gerarImpressao(GerarImpressaoMusicaController.java:348)
	at snu.fronteiras.controladores.musica.popups.GerarImpressaoMusicaController$2.call(GerarImpressaoMusicaController.java:259)
	at snu.fronteiras.controladores.musica.popups.GerarImpressaoMusicaController$2.call(GerarImpressaoMusicaController.java:256)
	at javafx.concurrent.Task$TaskCallable.call(Task.java:1259)
	at java.util.concurrent.FutureTask.run(FutureTask.java:262)
	at java.lang.Thread.run(Thread.java:744)
Caused by: java.io.FileNotFoundException: C:\Users\User\Desktop\Campanha da Fraternidade 2014 - Tende Compaixão.pdf (O arquivo já está sendo usado por outro processo)
	at java.io.FileOutputStream.open(Native Method)
	at java.io.FileOutputStream.<init>(FileOutputStream.java:221)
	at java.io.FileOutputStream.<init>(FileOutputStream.java:171)
	at net.sf.jasperreports.engine.export.JRPdfExporter.exportReport(JRPdfExporter.java:418)
	... 9 more
2014-03-16 14:39  INFO [JavaFX Application Thread] (SNU.java:54) - Iniciando a aplicação
2014-03-16 14:39 FATAL [JavaFX Application Thread] (GerarImpressaoMusicaController.java:294) - Caiu em DEFAULT CASE
2014-03-16 14:39 ERROR [Thread-5] (GerarImpressaoMusicaController.java:352) - Erro ao gerar impressão de Música
net.sf.jasperreports.engine.JRException: Error trying to export to file : C:\Users\User\Desktop\Campanha da Fraternidade 2014 - Tende Compaixão.pdf
	at net.sf.jasperreports.engine.export.JRPdfExporter.exportReport(JRPdfExporter.java:424)
	at net.sf.jasperreports.engine.JasperExportManager.exportToPdfFile(JasperExportManager.java:150)
	at net.sf.jasperreports.engine.JasperExportManager.exportReportToPdfFile(JasperExportManager.java:497)
	at snu.controladores.PDFController.gerarPDF(PDFController.java:38)
	at snu.fronteiras.controladores.musica.popups.GerarImpressaoMusicaController.gerarImpressao(GerarImpressaoMusicaController.java:348)
	at snu.fronteiras.controladores.musica.popups.GerarImpressaoMusicaController$2.call(GerarImpressaoMusicaController.java:259)
	at snu.fronteiras.controladores.musica.popups.GerarImpressaoMusicaController$2.call(GerarImpressaoMusicaController.java:256)
	at javafx.concurrent.Task$TaskCallable.call(Task.java:1259)
	at java.util.concurrent.FutureTask.run(FutureTask.java:262)
	at java.lang.Thread.run(Thread.java:744)
Caused by: java.io.FileNotFoundException: C:\Users\User\Desktop\Campanha da Fraternidade 2014 - Tende Compaixão.pdf (O arquivo já está sendo usado por outro processo)
	at java.io.FileOutputStream.open(Native Method)
	at java.io.FileOutputStream.<init>(FileOutputStream.java:221)
	at java.io.FileOutputStream.<init>(FileOutputStream.java:171)
	at net.sf.jasperreports.engine.export.JRPdfExporter.exportReport(JRPdfExporter.java:418)
	... 9 more
2014-03-16 14:47  INFO [JavaFX Application Thread] (SNU.java:54) - Iniciando a aplicação
2014-03-16 14:48 FATAL [JavaFX Application Thread] (GerarImpressaoMusicaController.java:319) - Caiu em DEFAULT CASE
2014-03-16 14:48 ERROR [JavaFX Application Thread] (GerarImpressaoMusicaController.java:270) - Erro ao gerar impressão de Música
net.sf.jasperreports.engine.JRException: Error trying to export to file : C:\Users\User\Desktop\Campanha da Fraternidade 2014 - Tende Compaixão.pdf
	at net.sf.jasperreports.engine.export.JRPdfExporter.exportReport(JRPdfExporter.java:424)
	at net.sf.jasperreports.engine.JasperExportManager.exportToPdfFile(JasperExportManager.java:150)
	at net.sf.jasperreports.engine.JasperExportManager.exportReportToPdfFile(JasperExportManager.java:497)
	at snu.controladores.PDFController.gerarPDF(PDFController.java:38)
	at snu.fronteiras.controladores.musica.popups.GerarImpressaoMusicaController$2$1.run(GerarImpressaoMusicaController.java:267)
	at com.sun.javafx.application.PlatformImpl$4$1.run(PlatformImpl.java:179)
	at com.sun.javafx.application.PlatformImpl$4$1.run(PlatformImpl.java:176)
	at java.security.AccessController.doPrivileged(Native Method)
	at com.sun.javafx.application.PlatformImpl$4.run(PlatformImpl.java:176)
	at com.sun.glass.ui.InvokeLaterDispatcher$Future.run(InvokeLaterDispatcher.java:76)
	at com.sun.glass.ui.win.WinApplication._enterNestedEventLoopImpl(Native Method)
	at com.sun.glass.ui.win.WinApplication._enterNestedEventLoop(WinApplication.java:96)
	at com.sun.glass.ui.Application.enterNestedEventLoop(Application.java:384)
	at com.sun.glass.ui.EventLoop.enter(EventLoop.java:83)
	at com.sun.javafx.tk.quantum.QuantumToolkit.enterNestedEventLoop(QuantumToolkit.java:523)
	at javafx.stage.Stage.showAndWait(Stage.java:397)
	at snu.fronteiras.controladores.musica.popups.GerarImpressaoMusicaController$4.changed(GerarImpressaoMusicaController.java:305)
	at snu.fronteiras.controladores.musica.popups.GerarImpressaoMusicaController$4.changed(GerarImpressaoMusicaController.java:300)
	at com.sun.javafx.binding.ExpressionHelper$SingleChange.fireValueChangedEvent(ExpressionHelper.java:196)
	at com.sun.javafx.binding.ExpressionHelper.fireValueChangedEvent(ExpressionHelper.java:100)
	at javafx.beans.property.ObjectPropertyBase.fireValueChangedEvent(ObjectPropertyBase.java:123)
	at javafx.beans.property.ObjectPropertyBase.markInvalid(ObjectPropertyBase.java:130)
	at javafx.beans.property.ObjectPropertyBase.set(ObjectPropertyBase.java:163)
	at javafx.concurrent.Task.setState(Task.java:611)
	at javafx.concurrent.Task$TaskCallable$1.run(Task.java:1254)
	at com.sun.javafx.application.PlatformImpl$4$1.run(PlatformImpl.java:179)
	at com.sun.javafx.application.PlatformImpl$4$1.run(PlatformImpl.java:176)
	at java.security.AccessController.doPrivileged(Native Method)
	at com.sun.javafx.application.PlatformImpl$4.run(PlatformImpl.java:176)
	at com.sun.glass.ui.InvokeLaterDispatcher$Future.run(InvokeLaterDispatcher.java:76)
	at com.sun.glass.ui.win.WinApplication._enterNestedEventLoopImpl(Native Method)
	at com.sun.glass.ui.win.WinApplication._enterNestedEventLoop(WinApplication.java:96)
	at com.sun.glass.ui.Application.enterNestedEventLoop(Application.java:384)
	at com.sun.glass.ui.EventLoop.enter(EventLoop.java:83)
	at com.sun.javafx.tk.quantum.QuantumToolkit.enterNestedEventLoop(QuantumToolkit.java:523)
	at javafx.stage.Stage.showAndWait(Stage.java:397)
	at snu.fronteiras.controladores.musica.TemplatePesquisaMusicaController.gerarImpressaoMusicaSelecionada(TemplatePesquisaMusicaController.java:306)
	at snu.fronteiras.controladores.musica.TemplatePesquisaMusicaController.onMouseClickedFromTblMusicas(TemplatePesquisaMusicaController.java:548)
	at sun.reflect.NativeMethodAccessorImpl.invoke0(Native Method)
	at sun.reflect.NativeMethodAccessorImpl.invoke(NativeMethodAccessorImpl.java:57)
	at sun.reflect.DelegatingMethodAccessorImpl.invoke(DelegatingMethodAccessorImpl.java:43)
	at java.lang.reflect.Method.invoke(Method.java:606)
	at sun.reflect.misc.Trampoline.invoke(MethodUtil.java:75)
	at sun.reflect.GeneratedMethodAccessor1.invoke(Unknown Source)
	at sun.reflect.DelegatingMethodAccessorImpl.invoke(DelegatingMethodAccessorImpl.java:43)
	at java.lang.reflect.Method.invoke(Method.java:606)
	at sun.reflect.misc.MethodUtil.invoke(MethodUtil.java:279)
	at javafx.fxml.FXMLLoader$ControllerMethodEventHandler.handle(FXMLLoader.java:1444)
	at com.sun.javafx.event.CompositeEventHandler.dispatchBubblingEvent(CompositeEventHandler.java:69)
	at com.sun.javafx.event.EventHandlerManager.dispatchBubblingEvent(EventHandlerManager.java:217)
	at com.sun.javafx.event.EventHandlerManager.dispatchBubblingEvent(EventHandlerManager.java:170)
	at com.sun.javafx.event.CompositeEventDispatcher.dispatchBubblingEvent(CompositeEventDispatcher.java:38)
	at com.sun.javafx.event.BasicEventDispatcher.dispatchEvent(BasicEventDispatcher.java:37)
	at com.sun.javafx.event.EventDispatchChainImpl.dispatchEvent(EventDispatchChainImpl.java:92)
	at com.sun.javafx.event.BasicEventDispatcher.dispatchEvent(BasicEventDispatcher.java:35)
	at com.sun.javafx.event.EventDispatchChainImpl.dispatchEvent(EventDispatchChainImpl.java:92)
	at com.sun.javafx.event.BasicEventDispatcher.dispatchEvent(BasicEventDispatcher.java:35)
	at com.sun.javafx.event.EventDispatchChainImpl.dispatchEvent(EventDispatchChainImpl.java:92)
	at com.sun.javafx.event.BasicEventDispatcher.dispatchEvent(BasicEventDispatcher.java:35)
	at com.sun.javafx.event.EventDispatchChainImpl.dispatchEvent(EventDispatchChainImpl.java:92)
	at com.sun.javafx.event.EventUtil.fireEventImpl(EventUtil.java:53)
	at com.sun.javafx.event.EventUtil.fireEvent(EventUtil.java:33)
	at javafx.event.Event.fireEvent(Event.java:171)
	at javafx.scene.Scene$ClickGenerator.postProcess(Scene.java:3100)
	at javafx.scene.Scene$ClickGenerator.access$8600(Scene.java:3038)
	at javafx.scene.Scene$MouseHandler.process(Scene.java:3320)
	at javafx.scene.Scene$MouseHandler.process(Scene.java:3151)
	at javafx.scene.Scene$MouseHandler.access$1900(Scene.java:3106)
	at javafx.scene.Scene.impl_processMouseEvent(Scene.java:1563)
	at javafx.scene.Scene$ScenePeerListener.mouseEvent(Scene.java:2248)
	at com.sun.javafx.tk.quantum.GlassViewEventHandler$MouseEventNotification.run(GlassViewEventHandler.java:250)
	at com.sun.javafx.tk.quantum.GlassViewEventHandler$MouseEventNotification.run(GlassViewEventHandler.java:173)
	at java.security.AccessController.doPrivileged(Native Method)
	at com.sun.javafx.tk.quantum.GlassViewEventHandler.handleMouseEvent(GlassViewEventHandler.java:292)
	at com.sun.glass.ui.View.handleMouseEvent(View.java:530)
	at com.sun.glass.ui.View.notifyMouse(View.java:924)
	at com.sun.glass.ui.win.WinApplication._runLoop(Native Method)
	at com.sun.glass.ui.win.WinApplication.access$100(WinApplication.java:17)
	at com.sun.glass.ui.win.WinApplication$3$1.run(WinApplication.java:67)
	at java.lang.Thread.run(Thread.java:744)
Caused by: java.io.FileNotFoundException: C:\Users\User\Desktop\Campanha da Fraternidade 2014 - Tende Compaixão.pdf (O arquivo já está sendo usado por outro processo)
	at java.io.FileOutputStream.open(Native Method)
	at java.io.FileOutputStream.<init>(FileOutputStream.java:221)
	at java.io.FileOutputStream.<init>(FileOutputStream.java:171)
	at net.sf.jasperreports.engine.export.JRPdfExporter.exportReport(JRPdfExporter.java:418)
	... 79 more
2014-03-16 14:49  INFO [JavaFX Application Thread] (SNU.java:54) - Iniciando a aplicação
2014-03-16 14:49 FATAL [JavaFX Application Thread] (GerarImpressaoMusicaController.java:313) - Caiu em DEFAULT CASE
2014-03-16 14:49 ERROR [Thread-5] (GerarImpressaoMusicaController.java:267) - Erro ao gerar impressão de Música
net.sf.jasperreports.engine.JRException: Error trying to export to file : C:\Users\User\Desktop\Campanha da Fraternidade 2014 - Tende Compaixão.pdf
	at net.sf.jasperreports.engine.export.JRPdfExporter.exportReport(JRPdfExporter.java:424)
	at net.sf.jasperreports.engine.JasperExportManager.exportToPdfFile(JasperExportManager.java:150)
	at net.sf.jasperreports.engine.JasperExportManager.exportReportToPdfFile(JasperExportManager.java:497)
	at snu.controladores.PDFController.gerarPDF(PDFController.java:38)
	at snu.fronteiras.controladores.musica.popups.GerarImpressaoMusicaController$2.call(GerarImpressaoMusicaController.java:264)
	at snu.fronteiras.controladores.musica.popups.GerarImpressaoMusicaController$2.call(GerarImpressaoMusicaController.java:257)
	at javafx.concurrent.Task$TaskCallable.call(Task.java:1259)
	at java.util.concurrent.FutureTask.run(FutureTask.java:262)
	at java.lang.Thread.run(Thread.java:744)
Caused by: java.io.FileNotFoundException: C:\Users\User\Desktop\Campanha da Fraternidade 2014 - Tende Compaixão.pdf (O arquivo já está sendo usado por outro processo)
	at java.io.FileOutputStream.open(Native Method)
	at java.io.FileOutputStream.<init>(FileOutputStream.java:221)
	at java.io.FileOutputStream.<init>(FileOutputStream.java:171)
	at net.sf.jasperreports.engine.export.JRPdfExporter.exportReport(JRPdfExporter.java:418)
	... 8 more
2014-03-16 14:50  INFO [JavaFX Application Thread] (SNU.java:54) - Iniciando a aplicação
2014-03-16 14:51 FATAL [JavaFX Application Thread] (GerarImpressaoMusicaController.java:313) - Caiu em DEFAULT CASE
2014-03-16 14:51 ERROR [Thread-5] (GerarImpressaoMusicaController.java:267) - Erro ao gerar impressão de Música
net.sf.jasperreports.engine.JRException: Error trying to export to file : C:\Users\User\Desktop\Campanha da Fraternidade 2014 - Tende Compaixão.pdf
	at net.sf.jasperreports.engine.export.JRPdfExporter.exportReport(JRPdfExporter.java:424)
	at net.sf.jasperreports.engine.JasperExportManager.exportToPdfFile(JasperExportManager.java:150)
	at net.sf.jasperreports.engine.JasperExportManager.exportReportToPdfFile(JasperExportManager.java:497)
	at snu.controladores.PDFController.gerarPDF(PDFController.java:38)
	at snu.fronteiras.controladores.musica.popups.GerarImpressaoMusicaController$2.call(GerarImpressaoMusicaController.java:264)
	at snu.fronteiras.controladores.musica.popups.GerarImpressaoMusicaController$2.call(GerarImpressaoMusicaController.java:257)
	at javafx.concurrent.Task$TaskCallable.call(Task.java:1259)
	at java.util.concurrent.FutureTask.run(FutureTask.java:262)
	at java.lang.Thread.run(Thread.java:744)
Caused by: java.io.FileNotFoundException: C:\Users\User\Desktop\Campanha da Fraternidade 2014 - Tende Compaixão.pdf (O arquivo já está sendo usado por outro processo)
	at java.io.FileOutputStream.open(Native Method)
	at java.io.FileOutputStream.<init>(FileOutputStream.java:221)
	at java.io.FileOutputStream.<init>(FileOutputStream.java:171)
	at net.sf.jasperreports.engine.export.JRPdfExporter.exportReport(JRPdfExporter.java:418)
	... 8 more
2014-03-16 14:55  INFO [JavaFX Application Thread] (SNU.java:54) - Iniciando a aplicação
2014-03-16 14:55 ERROR [Thread-5] (GerarImpressaoMusicaController.java:267) - Erro ao gerar impressão de Música
net.sf.jasperreports.engine.JRException: Error trying to export to file : C:\Users\User\Desktop\Campanha da Fraternidade 2014 - Tende Compaixão.pdf
	at net.sf.jasperreports.engine.export.JRPdfExporter.exportReport(JRPdfExporter.java:424)
	at net.sf.jasperreports.engine.JasperExportManager.exportToPdfFile(JasperExportManager.java:150)
	at net.sf.jasperreports.engine.JasperExportManager.exportReportToPdfFile(JasperExportManager.java:497)
	at snu.controladores.PDFController.gerarPDF(PDFController.java:38)
	at snu.fronteiras.controladores.musica.popups.GerarImpressaoMusicaController$2.call(GerarImpressaoMusicaController.java:264)
	at snu.fronteiras.controladores.musica.popups.GerarImpressaoMusicaController$2.call(GerarImpressaoMusicaController.java:257)
	at javafx.concurrent.Task$TaskCallable.call(Task.java:1259)
	at java.util.concurrent.FutureTask.run(FutureTask.java:262)
	at java.lang.Thread.run(Thread.java:744)
Caused by: java.io.FileNotFoundException: C:\Users\User\Desktop\Campanha da Fraternidade 2014 - Tende Compaixão.pdf (O arquivo já está sendo usado por outro processo)
	at java.io.FileOutputStream.open(Native Method)
	at java.io.FileOutputStream.<init>(FileOutputStream.java:221)
	at java.io.FileOutputStream.<init>(FileOutputStream.java:171)
	at net.sf.jasperreports.engine.export.JRPdfExporter.exportReport(JRPdfExporter.java:418)
	... 8 more
2014-03-16 15:00  INFO [JavaFX Application Thread] (SNU.java:54) - Iniciando a aplicação
2014-03-16 15:01 ERROR [Thread-5] (GerarImpressaoMusicaController.java:267) - Erro ao gerar impressão de Música
net.sf.jasperreports.engine.JRException: Error trying to export to file : C:\Users\User\Desktop\Campanha da Fraternidade 2014 - Tende Compaixão.pdf
	at net.sf.jasperreports.engine.export.JRPdfExporter.exportReport(JRPdfExporter.java:424)
	at net.sf.jasperreports.engine.JasperExportManager.exportToPdfFile(JasperExportManager.java:150)
	at net.sf.jasperreports.engine.JasperExportManager.exportReportToPdfFile(JasperExportManager.java:497)
	at snu.controladores.PDFController.gerarPDF(PDFController.java:38)
	at snu.fronteiras.controladores.musica.popups.GerarImpressaoMusicaController$2.call(GerarImpressaoMusicaController.java:264)
	at snu.fronteiras.controladores.musica.popups.GerarImpressaoMusicaController$2.call(GerarImpressaoMusicaController.java:257)
	at javafx.concurrent.Task$TaskCallable.call(Task.java:1259)
	at java.util.concurrent.FutureTask.run(FutureTask.java:262)
	at java.lang.Thread.run(Thread.java:744)
Caused by: java.io.FileNotFoundException: C:\Users\User\Desktop\Campanha da Fraternidade 2014 - Tende Compaixão.pdf (O arquivo já está sendo usado por outro processo)
	at java.io.FileOutputStream.open(Native Method)
	at java.io.FileOutputStream.<init>(FileOutputStream.java:221)
	at java.io.FileOutputStream.<init>(FileOutputStream.java:171)
	at net.sf.jasperreports.engine.export.JRPdfExporter.exportReport(JRPdfExporter.java:418)
	... 8 more
2014-03-16 15:01  INFO [JavaFX Application Thread] (SNU.java:54) - Iniciando a aplicação
2014-03-16 15:12  INFO [JavaFX Application Thread] (SNU.java:54) - Iniciando a aplicação
2014-03-16 15:15  INFO [JavaFX Application Thread] (SNU.java:54) - Iniciando a aplicação
2014-03-16 15:22  INFO [JavaFX Application Thread] (SNU.java:53) - Iniciando a aplicação
2014-03-16 15:26  INFO [JavaFX Application Thread] (SNU.java:53) - Iniciando a aplicação
